2025-09-23 20:13:20 | INFO | {'message': 'I just loved JavaScript! It was boring.', 'author': 'Charlie', 'timestamp': '2025-09-23 20:13:20', 'category': 'tech', 'sentiment': 0.85, 'keyword_mentioned': 'JavaScript', 'message_length': 39}
2025-09-23 20:13:25 | INFO | {'message': 'I just loved a movie! It was amazing.', 'author': 'Eve', 'timestamp': '2025-09-23 20:13:25', 'category': 'entertainment', 'sentiment': 0.9, 'keyword_mentioned': 'movie', 'message_length': 37}
2025-09-23 20:13:30 | INFO | {'message': 'I just tried travel! It was amazing.', 'author': 'Alice', 'timestamp': '2025-09-23 20:13:30', 'category': 'travel', 'sentiment': 0.48, 'keyword_mentioned': 'travel', 'message_length': 36}
2025-09-23 20:13:35 | INFO | {'message': 'I just tried a meme! It was funny.', 'author': 'Alice', 'timestamp': '2025-09-23 20:13:35', 'category': 'humor', 'sentiment': 0.1, 'keyword_mentioned': 'meme', 'message_length': 34}
2025-09-23 20:13:40 | INFO | {'message': 'I just tried a story! It was boring.', 'author': 'Alice', 'timestamp': '2025-09-23 20:13:40', 'category': 'other', 'sentiment': 0.47, 'keyword_mentioned': 'other', 'message_length': 36}
2025-09-23 20:13:45 | INFO | {'message': 'I just loved an app! It was weird.', 'author': 'Eve', 'timestamp': '2025-09-23 20:13:45', 'category': 'other', 'sentiment': 0.17, 'keyword_mentioned': 'other', 'message_length': 34}
2025-09-23 20:13:50 | INFO | {'message': 'I just loved JavaScript! It was amazing.', 'author': 'Eve', 'timestamp': '2025-09-23 20:13:50', 'category': 'tech', 'sentiment': 0.65, 'keyword_mentioned': 'JavaScript', 'message_length': 40}
2025-09-23 20:13:55 | INFO | {'message': 'I just tried a meme! It was funny.', 'author': 'Eve', 'timestamp': '2025-09-23 20:13:55', 'category': 'humor', 'sentiment': 0.32, 'keyword_mentioned': 'meme', 'message_length': 34}
2025-09-23 20:14:00 | INFO | {'message': 'I just shared game! It was weird.', 'author': 'Alice', 'timestamp': '2025-09-23 20:14:00', 'category': 'gaming', 'sentiment': 0.42, 'keyword_mentioned': 'game', 'message_length': 33}
2025-09-23 20:14:05 | INFO | {'message': 'I just saw game! It was weird.', 'author': 'Eve', 'timestamp': '2025-09-23 20:14:05', 'category': 'gaming', 'sentiment': 0.48, 'keyword_mentioned': 'game', 'message_length': 30}
2025-09-23 20:14:10 | INFO | {'message': 'I just saw JavaScript! It was boring.', 'author': 'Alice', 'timestamp': '2025-09-23 20:14:10', 'category': 'tech', 'sentiment': 0.53, 'keyword_mentioned': 'JavaScript', 'message_length': 37}
2025-09-23 20:14:15 | INFO | {'message': 'I just found game! It was amazing.', 'author': 'Charlie', 'timestamp': '2025-09-23 20:14:15', 'category': 'gaming', 'sentiment': 0.94, 'keyword_mentioned': 'game', 'message_length': 34}
2025-09-23 20:14:20 | INFO | {'message': 'I just tried a movie! It was amazing.', 'author': 'Alice', 'timestamp': '2025-09-23 20:14:20', 'category': 'entertainment', 'sentiment': 0.1, 'keyword_mentioned': 'movie', 'message_length': 37}
2025-09-23 20:14:25 | INFO | {'message': 'I just tried a trick! It was funny.', 'author': 'Eve', 'timestamp': '2025-09-23 20:14:25', 'category': 'other', 'sentiment': 0.88, 'keyword_mentioned': 'other', 'message_length': 35}
2025-09-23 20:14:30 | INFO | {'message': 'I just tried a movie! It was funny.', 'author': 'Eve', 'timestamp': '2025-09-23 20:14:30', 'category': 'entertainment', 'sentiment': 0.15, 'keyword_mentioned': 'movie', 'message_length': 35}
2025-09-23 20:14:35 | INFO | {'message': 'I just saw JavaScript! It was funny.', 'author': 'Bob', 'timestamp': '2025-09-23 20:14:35', 'category': 'tech', 'sentiment': 0.18, 'keyword_mentioned': 'JavaScript', 'message_length': 36}
2025-09-23 20:14:40 | INFO | {'message': 'I just tried game! It was amazing.', 'author': 'Alice', 'timestamp': '2025-09-23 20:14:40', 'category': 'gaming', 'sentiment': 0.53, 'keyword_mentioned': 'game', 'message_length': 34}
2025-09-23 20:14:45 | INFO | {'message': 'I just tried an app! It was boring.', 'author': 'Eve', 'timestamp': '2025-09-23 20:14:45', 'category': 'other', 'sentiment': 0.81, 'keyword_mentioned': 'other', 'message_length': 35}
2025-09-23 20:14:50 | INFO | {'message': 'I just saw Python! It was weird.', 'author': 'Bob', 'timestamp': '2025-09-23 20:14:50', 'category': 'tech', 'sentiment': 0.93, 'keyword_mentioned': 'Python', 'message_length': 32}
2025-09-23 20:14:55 | INFO | {'message': 'I just shared a trick! It was boring.', 'author': 'Alice', 'timestamp': '2025-09-23 20:14:55', 'category': 'other', 'sentiment': 0.67, 'keyword_mentioned': 'other', 'message_length': 37}
2025-09-23 20:15:00 | INFO | {'message': 'I just shared a trick! It was boring.', 'author': 'Charlie', 'timestamp': '2025-09-23 20:15:00', 'category': 'other', 'sentiment': 0.14, 'keyword_mentioned': 'other', 'message_length': 37}
2025-09-23 20:15:05 | INFO | {'message': 'I just found a story! It was weird.', 'author': 'Alice', 'timestamp': '2025-09-23 20:15:05', 'category': 'other', 'sentiment': 0.74, 'keyword_mentioned': 'other', 'message_length': 35}
2025-09-23 20:15:10 | INFO | {'message': 'I just loved JavaScript! It was amazing.', 'author': 'Charlie', 'timestamp': '2025-09-23 20:15:10', 'category': 'tech', 'sentiment': 0.32, 'keyword_mentioned': 'JavaScript', 'message_length': 40}
2025-09-23 20:15:15 | INFO | {'message': 'I just loved travel! It was funny.', 'author': 'Alice', 'timestamp': '2025-09-23 20:15:15', 'category': 'travel', 'sentiment': 0.05, 'keyword_mentioned': 'travel', 'message_length': 34}
2025-09-23 20:15:20 | INFO | {'message': 'I just tried Python! It was funny.', 'author': 'Alice', 'timestamp': '2025-09-23 20:15:20', 'category': 'tech', 'sentiment': 0.72, 'keyword_mentioned': 'Python', 'message_length': 34}
2025-09-23 20:15:25 | INFO | {'message': 'I just found travel! It was amazing.', 'author': 'Eve', 'timestamp': '2025-09-23 20:15:25', 'category': 'travel', 'sentiment': 0.69, 'keyword_mentioned': 'travel', 'message_length': 36}
2025-09-23 20:15:29 | WARNING | Producer interrupted by user.
2025-09-23 20:15:29 | INFO | Producer shutting down.
