2025-09-23 20:02:46 | INFO | {'message': 'I just loved a story! It was exciting.', 'author': 'Alice', 'timestamp': '2025-09-23 20:02:46', 'category': 'other', 'sentiment': 0.36, 'keyword_mentioned': 'other', 'message_length': 38}
2025-09-23 20:02:51 | INFO | {'message': 'I just loved recipe! It was weird.', 'author': 'Bob', 'timestamp': '2025-09-23 20:02:51', 'category': 'food', 'sentiment': 0.51, 'keyword_mentioned': 'recipe', 'message_length': 34}
2025-09-23 20:02:56 | INFO | {'message': 'I just shared JavaScript! It was amazing.', 'author': 'Charlie', 'timestamp': '2025-09-23 20:02:56', 'category': 'tech', 'sentiment': 0.86, 'keyword_mentioned': 'JavaScript', 'message_length': 41}
2025-09-23 20:03:01 | INFO | {'message': 'I just shared Python! It was weird.', 'author': 'Eve', 'timestamp': '2025-09-23 20:03:01', 'category': 'tech', 'sentiment': 0.29, 'keyword_mentioned': 'Python', 'message_length': 35}
2025-09-23 20:03:06 | INFO | {'message': 'I just loved game! It was amazing.', 'author': 'Bob', 'timestamp': '2025-09-23 20:03:06', 'category': 'gaming', 'sentiment': 0.98, 'keyword_mentioned': 'game', 'message_length': 34}
2025-09-23 20:03:11 | INFO | {'message': 'I just tried a story! It was amazing.', 'author': 'Alice', 'timestamp': '2025-09-23 20:03:11', 'category': 'other', 'sentiment': 0.78, 'keyword_mentioned': 'other', 'message_length': 37}
2025-09-23 20:03:16 | INFO | {'message': 'I just found recipe! It was funny.', 'author': 'Eve', 'timestamp': '2025-09-23 20:03:16', 'category': 'food', 'sentiment': 0.28, 'keyword_mentioned': 'recipe', 'message_length': 34}
2025-09-23 20:03:21 | INFO | {'message': 'I just shared a meme! It was exciting.', 'author': 'Bob', 'timestamp': '2025-09-23 20:03:21', 'category': 'humor', 'sentiment': 0.18, 'keyword_mentioned': 'meme', 'message_length': 38}
2025-09-23 20:03:26 | INFO | {'message': 'I just found game! It was funny.', 'author': 'Eve', 'timestamp': '2025-09-23 20:03:26', 'category': 'gaming', 'sentiment': 0.3, 'keyword_mentioned': 'game', 'message_length': 32}
2025-09-23 20:03:31 | INFO | {'message': 'I just shared a movie! It was weird.', 'author': 'Alice', 'timestamp': '2025-09-23 20:03:31', 'category': 'entertainment', 'sentiment': 0.46, 'keyword_mentioned': 'movie', 'message_length': 36}
2025-09-23 20:03:36 | INFO | {'message': 'I just shared recipe! It was boring.', 'author': 'Alice', 'timestamp': '2025-09-23 20:03:36', 'category': 'food', 'sentiment': 0.27, 'keyword_mentioned': 'recipe', 'message_length': 36}
2025-09-23 20:03:41 | INFO | {'message': 'I just loved Python! It was amazing.', 'author': 'Eve', 'timestamp': '2025-09-23 20:03:41', 'category': 'tech', 'sentiment': 0.31, 'keyword_mentioned': 'Python', 'message_length': 36}
2025-09-23 20:03:46 | INFO | {'message': 'I just saw recipe! It was exciting.', 'author': 'Alice', 'timestamp': '2025-09-23 20:03:46', 'category': 'food', 'sentiment': 0.81, 'keyword_mentioned': 'recipe', 'message_length': 35}
2025-09-23 20:03:51 | INFO | {'message': 'I just loved a meme! It was funny.', 'author': 'Eve', 'timestamp': '2025-09-23 20:03:51', 'category': 'humor', 'sentiment': 0.19, 'keyword_mentioned': 'meme', 'message_length': 34}
2025-09-23 20:03:56 | INFO | {'message': 'I just loved recipe! It was boring.', 'author': 'Eve', 'timestamp': '2025-09-23 20:03:56', 'category': 'food', 'sentiment': 0.42, 'keyword_mentioned': 'recipe', 'message_length': 35}
2025-09-23 20:04:01 | INFO | {'message': 'I just tried Python! It was boring.', 'author': 'Charlie', 'timestamp': '2025-09-23 20:04:01', 'category': 'tech', 'sentiment': 0.86, 'keyword_mentioned': 'Python', 'message_length': 35}
2025-09-23 20:04:06 | INFO | {'message': 'I just tried recipe! It was boring.', 'author': 'Eve', 'timestamp': '2025-09-23 20:04:06', 'category': 'food', 'sentiment': 0.97, 'keyword_mentioned': 'recipe', 'message_length': 35}
2025-09-23 20:04:11 | INFO | {'message': 'I just saw Python! It was exciting.', 'author': 'Charlie', 'timestamp': '2025-09-23 20:04:11', 'category': 'tech', 'sentiment': 0.6, 'keyword_mentioned': 'Python', 'message_length': 35}
2025-09-23 20:04:16 | INFO | {'message': 'I just saw an app! It was boring.', 'author': 'Alice', 'timestamp': '2025-09-23 20:04:16', 'category': 'other', 'sentiment': 0.27, 'keyword_mentioned': 'other', 'message_length': 33}
2025-09-23 20:04:21 | INFO | {'message': 'I just tried a trick! It was exciting.', 'author': 'Alice', 'timestamp': '2025-09-23 20:04:21', 'category': 'other', 'sentiment': 0.7, 'keyword_mentioned': 'other', 'message_length': 38}
2025-09-23 20:04:26 | INFO | {'message': 'I just found game! It was boring.', 'author': 'Charlie', 'timestamp': '2025-09-23 20:04:26', 'category': 'gaming', 'sentiment': 0.16, 'keyword_mentioned': 'game', 'message_length': 33}
2025-09-23 20:04:31 | INFO | {'message': 'I just shared JavaScript! It was boring.', 'author': 'Alice', 'timestamp': '2025-09-23 20:04:31', 'category': 'tech', 'sentiment': 0.86, 'keyword_mentioned': 'JavaScript', 'message_length': 40}
2025-09-23 20:04:36 | INFO | {'message': 'I just found game! It was amazing.', 'author': 'Alice', 'timestamp': '2025-09-23 20:04:36', 'category': 'gaming', 'sentiment': 0.65, 'keyword_mentioned': 'game', 'message_length': 34}
2025-09-23 20:04:41 | INFO | {'message': 'I just found a trick! It was exciting.', 'author': 'Charlie', 'timestamp': '2025-09-23 20:04:41', 'category': 'other', 'sentiment': 0.33, 'keyword_mentioned': 'other', 'message_length': 38}
2025-09-23 20:04:46 | INFO | {'message': 'I just loved an app! It was amazing.', 'author': 'Charlie', 'timestamp': '2025-09-23 20:04:46', 'category': 'other', 'sentiment': 0.28, 'keyword_mentioned': 'other', 'message_length': 36}
2025-09-23 20:04:51 | INFO | {'message': 'I just found recipe! It was amazing.', 'author': 'Charlie', 'timestamp': '2025-09-23 20:04:51', 'category': 'food', 'sentiment': 0.77, 'keyword_mentioned': 'recipe', 'message_length': 36}
2025-09-23 20:04:56 | INFO | {'message': 'I just loved game! It was boring.', 'author': 'Eve', 'timestamp': '2025-09-23 20:04:56', 'category': 'gaming', 'sentiment': 0.83, 'keyword_mentioned': 'game', 'message_length': 33}
2025-09-23 20:05:01 | INFO | {'message': 'I just loved an app! It was exciting.', 'author': 'Charlie', 'timestamp': '2025-09-23 20:05:01', 'category': 'other', 'sentiment': 0.0, 'keyword_mentioned': 'other', 'message_length': 37}
2025-09-23 20:05:06 | INFO | {'message': 'I just tried travel! It was exciting.', 'author': 'Bob', 'timestamp': '2025-09-23 20:05:06', 'category': 'travel', 'sentiment': 0.58, 'keyword_mentioned': 'travel', 'message_length': 37}
2025-09-23 20:05:11 | INFO | {'message': 'I just shared Python! It was exciting.', 'author': 'Charlie', 'timestamp': '2025-09-23 20:05:11', 'category': 'tech', 'sentiment': 0.98, 'keyword_mentioned': 'Python', 'message_length': 38}
2025-09-23 20:05:16 | INFO | {'message': 'I just loved recipe! It was boring.', 'author': 'Bob', 'timestamp': '2025-09-23 20:05:16', 'category': 'food', 'sentiment': 0.48, 'keyword_mentioned': 'recipe', 'message_length': 35}
2025-09-23 20:05:21 | INFO | {'message': 'I just loved travel! It was weird.', 'author': 'Bob', 'timestamp': '2025-09-23 20:05:21', 'category': 'travel', 'sentiment': 0.31, 'keyword_mentioned': 'travel', 'message_length': 34}
2025-09-23 20:05:26 | INFO | {'message': 'I just found JavaScript! It was funny.', 'author': 'Charlie', 'timestamp': '2025-09-23 20:05:26', 'category': 'tech', 'sentiment': 0.39, 'keyword_mentioned': 'JavaScript', 'message_length': 38}
2025-09-23 20:05:31 | INFO | {'message': 'I just found a meme! It was exciting.', 'author': 'Eve', 'timestamp': '2025-09-23 20:05:31', 'category': 'humor', 'sentiment': 0.32, 'keyword_mentioned': 'meme', 'message_length': 37}
2025-09-23 20:05:36 | INFO | {'message': 'I just loved game! It was funny.', 'author': 'Alice', 'timestamp': '2025-09-23 20:05:36', 'category': 'gaming', 'sentiment': 0.98, 'keyword_mentioned': 'game', 'message_length': 32}
2025-09-23 20:05:41 | INFO | {'message': 'I just shared Python! It was boring.', 'author': 'Bob', 'timestamp': '2025-09-23 20:05:41', 'category': 'tech', 'sentiment': 0.82, 'keyword_mentioned': 'Python', 'message_length': 36}
2025-09-23 20:05:46 | INFO | {'message': 'I just tried a movie! It was exciting.', 'author': 'Eve', 'timestamp': '2025-09-23 20:05:46', 'category': 'entertainment', 'sentiment': 0.01, 'keyword_mentioned': 'movie', 'message_length': 38}
2025-09-23 20:05:51 | INFO | {'message': 'I just found recipe! It was amazing.', 'author': 'Charlie', 'timestamp': '2025-09-23 20:05:51', 'category': 'food', 'sentiment': 0.4, 'keyword_mentioned': 'recipe', 'message_length': 36}
2025-09-23 20:05:56 | INFO | {'message': 'I just found recipe! It was amazing.', 'author': 'Charlie', 'timestamp': '2025-09-23 20:05:56', 'category': 'food', 'sentiment': 0.18, 'keyword_mentioned': 'recipe', 'message_length': 36}
2025-09-23 20:06:01 | INFO | {'message': 'I just shared a story! It was boring.', 'author': 'Eve', 'timestamp': '2025-09-23 20:06:01', 'category': 'other', 'sentiment': 0.54, 'keyword_mentioned': 'other', 'message_length': 37}
2025-09-23 20:06:06 | INFO | {'message': 'I just tried a movie! It was boring.', 'author': 'Alice', 'timestamp': '2025-09-23 20:06:06', 'category': 'entertainment', 'sentiment': 0.68, 'keyword_mentioned': 'movie', 'message_length': 36}
2025-09-23 20:06:11 | INFO | {'message': 'I just saw recipe! It was exciting.', 'author': 'Charlie', 'timestamp': '2025-09-23 20:06:11', 'category': 'food', 'sentiment': 0.79, 'keyword_mentioned': 'recipe', 'message_length': 35}
2025-09-23 20:06:16 | INFO | {'message': 'I just found a story! It was boring.', 'author': 'Charlie', 'timestamp': '2025-09-23 20:06:16', 'category': 'other', 'sentiment': 0.59, 'keyword_mentioned': 'other', 'message_length': 36}
2025-09-23 20:06:21 | INFO | {'message': 'I just shared an app! It was boring.', 'author': 'Alice', 'timestamp': '2025-09-23 20:06:21', 'category': 'other', 'sentiment': 0.75, 'keyword_mentioned': 'other', 'message_length': 36}
2025-09-23 20:06:26 | INFO | {'message': 'I just found JavaScript! It was exciting.', 'author': 'Alice', 'timestamp': '2025-09-23 20:06:26', 'category': 'tech', 'sentiment': 0.45, 'keyword_mentioned': 'JavaScript', 'message_length': 41}
2025-09-23 20:06:31 | INFO | {'message': 'I just found recipe! It was weird.', 'author': 'Eve', 'timestamp': '2025-09-23 20:06:31', 'category': 'food', 'sentiment': 0.9, 'keyword_mentioned': 'recipe', 'message_length': 34}
2025-09-23 20:06:36 | INFO | {'message': 'I just tried travel! It was amazing.', 'author': 'Alice', 'timestamp': '2025-09-23 20:06:36', 'category': 'travel', 'sentiment': 0.03, 'keyword_mentioned': 'travel', 'message_length': 36}
2025-09-23 20:06:41 | INFO | {'message': 'I just found travel! It was boring.', 'author': 'Charlie', 'timestamp': '2025-09-23 20:06:41', 'category': 'travel', 'sentiment': 0.86, 'keyword_mentioned': 'travel', 'message_length': 35}
2025-09-23 20:06:46 | INFO | {'message': 'I just loved game! It was boring.', 'author': 'Charlie', 'timestamp': '2025-09-23 20:06:46', 'category': 'gaming', 'sentiment': 0.22, 'keyword_mentioned': 'game', 'message_length': 33}
2025-09-23 20:06:51 | INFO | {'message': 'I just shared an app! It was weird.', 'author': 'Bob', 'timestamp': '2025-09-23 20:06:51', 'category': 'other', 'sentiment': 0.7, 'keyword_mentioned': 'other', 'message_length': 35}
2025-09-23 20:06:56 | INFO | {'message': 'I just saw travel! It was boring.', 'author': 'Bob', 'timestamp': '2025-09-23 20:06:56', 'category': 'travel', 'sentiment': 0.73, 'keyword_mentioned': 'travel', 'message_length': 33}
2025-09-23 20:07:01 | INFO | {'message': 'I just shared JavaScript! It was exciting.', 'author': 'Alice', 'timestamp': '2025-09-23 20:07:01', 'category': 'tech', 'sentiment': 0.1, 'keyword_mentioned': 'JavaScript', 'message_length': 42}
2025-09-23 20:07:06 | INFO | {'message': 'I just loved recipe! It was amazing.', 'author': 'Eve', 'timestamp': '2025-09-23 20:07:06', 'category': 'food', 'sentiment': 0.54, 'keyword_mentioned': 'recipe', 'message_length': 36}
2025-09-23 20:07:11 | INFO | {'message': 'I just shared Python! It was funny.', 'author': 'Bob', 'timestamp': '2025-09-23 20:07:11', 'category': 'tech', 'sentiment': 0.02, 'keyword_mentioned': 'Python', 'message_length': 35}
2025-09-23 20:07:16 | INFO | {'message': 'I just loved a trick! It was amazing.', 'author': 'Charlie', 'timestamp': '2025-09-23 20:07:16', 'category': 'other', 'sentiment': 0.91, 'keyword_mentioned': 'other', 'message_length': 37}
2025-09-23 20:07:21 | INFO | {'message': 'I just loved an app! It was boring.', 'author': 'Alice', 'timestamp': '2025-09-23 20:07:21', 'category': 'other', 'sentiment': 0.77, 'keyword_mentioned': 'other', 'message_length': 35}
2025-09-23 20:07:26 | INFO | {'message': 'I just shared a trick! It was funny.', 'author': 'Charlie', 'timestamp': '2025-09-23 20:07:26', 'category': 'other', 'sentiment': 0.57, 'keyword_mentioned': 'other', 'message_length': 36}
2025-09-23 20:07:31 | INFO | {'message': 'I just found Python! It was amazing.', 'author': 'Alice', 'timestamp': '2025-09-23 20:07:31', 'category': 'tech', 'sentiment': 0.59, 'keyword_mentioned': 'Python', 'message_length': 36}
2025-09-23 20:07:36 | INFO | {'message': 'I just loved a trick! It was funny.', 'author': 'Charlie', 'timestamp': '2025-09-23 20:07:36', 'category': 'other', 'sentiment': 0.84, 'keyword_mentioned': 'other', 'message_length': 35}
2025-09-23 20:07:41 | INFO | {'message': 'I just saw Python! It was exciting.', 'author': 'Charlie', 'timestamp': '2025-09-23 20:07:41', 'category': 'tech', 'sentiment': 0.16, 'keyword_mentioned': 'Python', 'message_length': 35}
2025-09-23 20:07:46 | INFO | {'message': 'I just found a meme! It was funny.', 'author': 'Alice', 'timestamp': '2025-09-23 20:07:46', 'category': 'humor', 'sentiment': 0.46, 'keyword_mentioned': 'meme', 'message_length': 34}
2025-09-23 20:07:51 | INFO | {'message': 'I just found a movie! It was funny.', 'author': 'Bob', 'timestamp': '2025-09-23 20:07:51', 'category': 'entertainment', 'sentiment': 0.61, 'keyword_mentioned': 'movie', 'message_length': 35}
2025-09-23 20:07:56 | INFO | {'message': 'I just tried JavaScript! It was funny.', 'author': 'Alice', 'timestamp': '2025-09-23 20:07:56', 'category': 'tech', 'sentiment': 0.63, 'keyword_mentioned': 'JavaScript', 'message_length': 38}
2025-09-23 20:08:01 | INFO | {'message': 'I just found JavaScript! It was exciting.', 'author': 'Charlie', 'timestamp': '2025-09-23 20:08:01', 'category': 'tech', 'sentiment': 0.86, 'keyword_mentioned': 'JavaScript', 'message_length': 41}
2025-09-23 20:08:06 | INFO | {'message': 'I just tried game! It was boring.', 'author': 'Eve', 'timestamp': '2025-09-23 20:08:06', 'category': 'gaming', 'sentiment': 0.47, 'keyword_mentioned': 'game', 'message_length': 33}
2025-09-23 20:08:11 | INFO | {'message': 'I just loved an app! It was amazing.', 'author': 'Bob', 'timestamp': '2025-09-23 20:08:11', 'category': 'other', 'sentiment': 0.55, 'keyword_mentioned': 'other', 'message_length': 36}
2025-09-23 20:08:16 | INFO | {'message': 'I just tried Python! It was boring.', 'author': 'Charlie', 'timestamp': '2025-09-23 20:08:16', 'category': 'tech', 'sentiment': 0.53, 'keyword_mentioned': 'Python', 'message_length': 35}
2025-09-23 20:08:21 | INFO | {'message': 'I just tried Python! It was amazing.', 'author': 'Charlie', 'timestamp': '2025-09-23 20:08:21', 'category': 'tech', 'sentiment': 0.17, 'keyword_mentioned': 'Python', 'message_length': 36}
2025-09-23 20:08:26 | INFO | {'message': 'I just shared a story! It was funny.', 'author': 'Charlie', 'timestamp': '2025-09-23 20:08:26', 'category': 'other', 'sentiment': 0.55, 'keyword_mentioned': 'other', 'message_length': 36}
2025-09-23 20:08:31 | INFO | {'message': 'I just loved Python! It was weird.', 'author': 'Bob', 'timestamp': '2025-09-23 20:08:31', 'category': 'tech', 'sentiment': 0.73, 'keyword_mentioned': 'Python', 'message_length': 34}
2025-09-23 20:08:36 | INFO | {'message': 'I just saw travel! It was weird.', 'author': 'Eve', 'timestamp': '2025-09-23 20:08:36', 'category': 'travel', 'sentiment': 0.99, 'keyword_mentioned': 'travel', 'message_length': 32}
2025-09-23 20:08:41 | INFO | {'message': 'I just saw an app! It was funny.', 'author': 'Bob', 'timestamp': '2025-09-23 20:08:41', 'category': 'other', 'sentiment': 0.18, 'keyword_mentioned': 'other', 'message_length': 32}
2025-09-23 20:08:46 | INFO | {'message': 'I just tried Python! It was amazing.', 'author': 'Alice', 'timestamp': '2025-09-23 20:08:46', 'category': 'tech', 'sentiment': 0.33, 'keyword_mentioned': 'Python', 'message_length': 36}
2025-09-23 20:08:51 | INFO | {'message': 'I just loved a trick! It was weird.', 'author': 'Alice', 'timestamp': '2025-09-23 20:08:51', 'category': 'other', 'sentiment': 0.07, 'keyword_mentioned': 'other', 'message_length': 35}
2025-09-23 20:08:56 | INFO | {'message': 'I just tried a movie! It was exciting.', 'author': 'Alice', 'timestamp': '2025-09-23 20:08:56', 'category': 'entertainment', 'sentiment': 0.25, 'keyword_mentioned': 'movie', 'message_length': 38}
2025-09-23 20:09:01 | INFO | {'message': 'I just found a story! It was weird.', 'author': 'Eve', 'timestamp': '2025-09-23 20:09:01', 'category': 'other', 'sentiment': 0.01, 'keyword_mentioned': 'other', 'message_length': 35}
2025-09-23 20:09:06 | INFO | {'message': 'I just tried recipe! It was funny.', 'author': 'Alice', 'timestamp': '2025-09-23 20:09:06', 'category': 'food', 'sentiment': 0.76, 'keyword_mentioned': 'recipe', 'message_length': 34}
2025-09-23 20:09:11 | INFO | {'message': 'I just found game! It was amazing.', 'author': 'Eve', 'timestamp': '2025-09-23 20:09:11', 'category': 'gaming', 'sentiment': 0.96, 'keyword_mentioned': 'game', 'message_length': 34}
2025-09-23 20:09:16 | INFO | {'message': 'I just saw Python! It was exciting.', 'author': 'Alice', 'timestamp': '2025-09-23 20:09:16', 'category': 'tech', 'sentiment': 0.36, 'keyword_mentioned': 'Python', 'message_length': 35}
2025-09-23 20:09:21 | INFO | {'message': 'I just found a trick! It was weird.', 'author': 'Charlie', 'timestamp': '2025-09-23 20:09:21', 'category': 'other', 'sentiment': 0.98, 'keyword_mentioned': 'other', 'message_length': 35}
2025-09-23 20:09:26 | WARNING | Producer interrupted by user.
2025-09-23 20:09:26 | INFO | Producer shutting down.
2025-09-23 20:09:48 | INFO | Logging to file: logs/project_log.log
2025-09-23 20:09:48 | INFO | Log sanitization enabled, personal info removed
2025-09-23 20:09:48 | INFO | Starting Producer to run continuously.
2025-09-23 20:09:48 | INFO | Use Ctrl+C to stop.
2025-09-23 20:09:48 | INFO | MESSAGE_INTERVAL_SECONDS: 5
2025-09-23 20:09:48 | INFO | BUZZ_TOPIC: buzzline
2025-09-23 20:09:48 | INFO | KAFKA_BROKER_ADDRESS: 127.0.0.1:9092
2025-09-23 20:09:48 | INFO | BASE_DATA_DIR: PROJECT_ROOT/data
2025-09-23 20:09:48 | INFO | LIVE_DATA_PATH: PROJECT_ROOT/data/project_live.json
2025-09-23 20:09:48 | INFO | BASE_DATA_DIR: PROJECT_ROOT/data
2025-09-23 20:09:48 | INFO | SQLITE_PATH: PROJECT_ROOT/data/buzz.sqlite
2025-09-23 20:09:48 | INFO | Deleted existing live data file.
2025-09-23 20:09:48 | INFO | Kafka broker address: localhost:9092
2025-09-23 20:09:50 | ERROR | Error checking Kafka: NoBrokersAvailable
2025-09-23 20:09:50 | WARNING | Kafka broker not available; continuing without Kafka.
2025-09-23 20:09:50 | INFO | Kafka disabled for this run.
2025-09-23 20:09:50 | INFO | {'message': 'I just loved game! It was funny.', 'author': 'Alice', 'timestamp': '2025-09-23 20:09:50', 'category': 'gaming', 'sentiment': 0.66, 'keyword_mentioned': 'game', 'message_length': 32}
2025-09-23 20:09:55 | INFO | {'message': 'I just tried JavaScript! It was weird.', 'author': 'Alice', 'timestamp': '2025-09-23 20:09:55', 'category': 'tech', 'sentiment': 0.76, 'keyword_mentioned': 'JavaScript', 'message_length': 38}
2025-09-23 20:09:58 | INFO | Logging to file: logs/project_log.log
2025-09-23 20:09:58 | INFO | Log sanitization enabled, personal info removed
2025-09-23 20:09:58 | INFO | Starting Consumer to run continuously.
2025-09-23 20:09:58 | INFO | Things can fail or get interrupted, so use a try block.
2025-09-23 20:09:58 | INFO | Moved .env variables into a utils config module.
2025-09-23 20:09:58 | INFO | STEP 1. Read environment variables using new config functions.
2025-09-23 20:09:58 | INFO | MESSAGE_INTERVAL_SECONDS: 5
2025-09-23 20:09:58 | INFO | BASE_DATA_DIR: PROJECT_ROOT/data
2025-09-23 20:09:58 | INFO | LIVE_DATA_PATH: PROJECT_ROOT/data/project_live.json
2025-09-23 20:09:58 | INFO | BASE_DATA_DIR: PROJECT_ROOT/data
2025-09-23 20:09:58 | INFO | SQLITE_PATH: PROJECT_ROOT/data/buzz.sqlite
2025-09-23 20:09:58 | INFO | SUCCESS: Read environment variables.
2025-09-23 20:09:58 | INFO | STEP 2. Delete any prior database file for a fresh start.
2025-09-23 20:09:58 | INFO | SUCCESS: Deleted database file.
2025-09-23 20:09:58 | INFO | STEP 3. Initialize a new database with an empty table.
2025-09-23 20:09:58 | INFO | Calling SQLite init_db() with {db_path=}.
2025-09-23 20:09:58 | INFO | SUCCESS: Got a cursor to execute SQL.
2025-09-23 20:09:58 | INFO | SUCCESS: Database initialized and table ready at PROJECT_ROOT/data/buzz.sqlite.
2025-09-23 20:09:58 | INFO | STEP 4. Begin consuming and storing messages.
2025-09-23 20:09:58 | INFO | Called consume_messages_from_file() with:
2025-09-23 20:09:58 | INFO |    live_data_path=WindowsPath('C:/Projects/buzzline-05-vrtachnik/data/project_live.json')
2025-09-23 20:09:58 | INFO |    sql_path=WindowsPath('C:/Projects/buzzline-05-vrtachnik/data/buzz.sqlite')
2025-09-23 20:09:58 | INFO |    interval_secs=5
2025-09-23 20:09:58 | INFO |    last_position=0
2025-09-23 20:09:58 | INFO | 1. Initialize the database.
2025-09-23 20:09:58 | INFO | Calling SQLite init_db() with {db_path=}.
2025-09-23 20:09:58 | INFO | SUCCESS: Got a cursor to execute SQL.
2025-09-23 20:09:58 | INFO | SUCCESS: Database initialized and table ready at PROJECT_ROOT/data/buzz.sqlite.
2025-09-23 20:09:58 | INFO | 2. Set the last position to 0 to start at the beginning of the file.
2025-09-23 20:09:58 | INFO | 3. Read from live data file at position 0.
2025-09-23 20:09:58 | INFO | Processed message: {'message': 'I just loved game! It was funny.', 'author': 'Alice', 'timestamp': '2025-09-23 20:09:50', 'category': 'gaming', 'sentiment': 0.66, 'keyword_mentioned': 'game', 'message_length': 32}
2025-09-23 20:09:58 | INFO | Calling SQLite insert_message() with:
2025-09-23 20:09:58 | INFO | message={'message': 'I just loved game! It was funny.', 'author': 'Alice', 'timestamp': '2025-09-23 20:09:50', 'category': 'gaming', 'sentiment': 0.66, 'keyword_mentioned': 'game', 'message_length': 32}
2025-09-23 20:09:58 | INFO | db_path=WindowsPath('C:/Projects/buzzline-05-vrtachnik/data/buzz.sqlite')
2025-09-23 20:09:58 | INFO | Inserted one message into the database.
2025-09-23 20:09:58 | INFO | Processed message: {'message': 'I just tried JavaScript! It was weird.', 'author': 'Alice', 'timestamp': '2025-09-23 20:09:55', 'category': 'tech', 'sentiment': 0.76, 'keyword_mentioned': 'JavaScript', 'message_length': 38}
2025-09-23 20:09:58 | INFO | Calling SQLite insert_message() with:
2025-09-23 20:09:58 | INFO | message={'message': 'I just tried JavaScript! It was weird.', 'author': 'Alice', 'timestamp': '2025-09-23 20:09:55', 'category': 'tech', 'sentiment': 0.76, 'keyword_mentioned': 'JavaScript', 'message_length': 38}
2025-09-23 20:09:58 | INFO | db_path=WindowsPath('C:/Projects/buzzline-05-vrtachnik/data/buzz.sqlite')
2025-09-23 20:09:58 | INFO | Inserted one message into the database.
2025-09-23 20:09:58 | INFO | TRY/FINALLY: Consumer shutting down.
2025-09-23 20:10:00 | INFO | {'message': 'I just loved Python! It was boring.', 'author': 'Alice', 'timestamp': '2025-09-23 20:10:00', 'category': 'tech', 'sentiment': 0.98, 'keyword_mentioned': 'Python', 'message_length': 35}
2025-09-23 20:10:05 | INFO | {'message': 'I just tried recipe! It was weird.', 'author': 'Eve', 'timestamp': '2025-09-23 20:10:05', 'category': 'food', 'sentiment': 0.65, 'keyword_mentioned': 'recipe', 'message_length': 34}
2025-09-23 20:10:10 | INFO | {'message': 'I just loved recipe! It was boring.', 'author': 'Bob', 'timestamp': '2025-09-23 20:10:10', 'category': 'food', 'sentiment': 0.26, 'keyword_mentioned': 'recipe', 'message_length': 35}
2025-09-23 20:10:15 | INFO | {'message': 'I just shared Python! It was amazing.', 'author': 'Bob', 'timestamp': '2025-09-23 20:10:15', 'category': 'tech', 'sentiment': 0.27, 'keyword_mentioned': 'Python', 'message_length': 37}
2025-09-23 20:10:20 | INFO | {'message': 'I just saw recipe! It was boring.', 'author': 'Eve', 'timestamp': '2025-09-23 20:10:20', 'category': 'food', 'sentiment': 0.36, 'keyword_mentioned': 'recipe', 'message_length': 33}
2025-09-23 20:10:25 | INFO | {'message': 'I just tried travel! It was weird.', 'author': 'Eve', 'timestamp': '2025-09-23 20:10:25', 'category': 'travel', 'sentiment': 0.09, 'keyword_mentioned': 'travel', 'message_length': 34}
2025-09-23 20:10:30 | INFO | {'message': 'I just loved a movie! It was funny.', 'author': 'Bob', 'timestamp': '2025-09-23 20:10:30', 'category': 'entertainment', 'sentiment': 0.69, 'keyword_mentioned': 'movie', 'message_length': 35}
2025-09-23 20:10:35 | INFO | {'message': 'I just shared game! It was weird.', 'author': 'Charlie', 'timestamp': '2025-09-23 20:10:35', 'category': 'gaming', 'sentiment': 0.03, 'keyword_mentioned': 'game', 'message_length': 33}
2025-09-23 20:10:40 | INFO | {'message': 'I just found travel! It was exciting.', 'author': 'Alice', 'timestamp': '2025-09-23 20:10:40', 'category': 'travel', 'sentiment': 0.74, 'keyword_mentioned': 'travel', 'message_length': 37}
2025-09-23 20:10:45 | INFO | {'message': 'I just saw game! It was amazing.', 'author': 'Charlie', 'timestamp': '2025-09-23 20:10:45', 'category': 'gaming', 'sentiment': 0.98, 'keyword_mentioned': 'game', 'message_length': 32}
2025-09-23 20:10:50 | INFO | {'message': 'I just loved a story! It was weird.', 'author': 'Bob', 'timestamp': '2025-09-23 20:10:50', 'category': 'other', 'sentiment': 0.22, 'keyword_mentioned': 'other', 'message_length': 35}
2025-09-23 20:10:55 | INFO | {'message': 'I just shared an app! It was exciting.', 'author': 'Eve', 'timestamp': '2025-09-23 20:10:55', 'category': 'other', 'sentiment': 0.03, 'keyword_mentioned': 'other', 'message_length': 38}
2025-09-23 20:11:00 | INFO | {'message': 'I just saw a movie! It was exciting.', 'author': 'Bob', 'timestamp': '2025-09-23 20:11:00', 'category': 'entertainment', 'sentiment': 0.32, 'keyword_mentioned': 'movie', 'message_length': 36}
2025-09-23 20:11:05 | INFO | {'message': 'I just loved a story! It was amazing.', 'author': 'Alice', 'timestamp': '2025-09-23 20:11:05', 'category': 'other', 'sentiment': 0.33, 'keyword_mentioned': 'other', 'message_length': 37}
2025-09-23 20:11:10 | INFO | {'message': 'I just saw a trick! It was weird.', 'author': 'Bob', 'timestamp': '2025-09-23 20:11:10', 'category': 'other', 'sentiment': 0.83, 'keyword_mentioned': 'other', 'message_length': 33}
2025-09-23 20:11:15 | INFO | {'message': 'I just shared Python! It was amazing.', 'author': 'Bob', 'timestamp': '2025-09-23 20:11:15', 'category': 'tech', 'sentiment': 0.01, 'keyword_mentioned': 'Python', 'message_length': 37}
2025-09-23 20:11:20 | INFO | {'message': 'I just found JavaScript! It was boring.', 'author': 'Alice', 'timestamp': '2025-09-23 20:11:20', 'category': 'tech', 'sentiment': 0.22, 'keyword_mentioned': 'JavaScript', 'message_length': 39}
2025-09-23 20:11:25 | INFO | {'message': 'I just shared a trick! It was weird.', 'author': 'Charlie', 'timestamp': '2025-09-23 20:11:25', 'category': 'other', 'sentiment': 0.52, 'keyword_mentioned': 'other', 'message_length': 36}
2025-09-23 20:11:27 | INFO | Logging to file: logs/project_log.log
2025-09-23 20:11:27 | INFO | Log sanitization enabled, personal info removed
2025-09-23 20:11:27 | INFO | Starting Consumer to run continuously.
2025-09-23 20:11:27 | INFO | Things can fail or get interrupted, so use a try block.
2025-09-23 20:11:27 | INFO | Moved .env variables into a utils config module.
2025-09-23 20:11:27 | INFO | STEP 1. Read environment variables using new config functions.
2025-09-23 20:11:27 | INFO | MESSAGE_INTERVAL_SECONDS: 5
2025-09-23 20:11:27 | INFO | BASE_DATA_DIR: PROJECT_ROOT/data
2025-09-23 20:11:27 | INFO | LIVE_DATA_PATH: PROJECT_ROOT/data/project_live.json
2025-09-23 20:11:27 | INFO | BASE_DATA_DIR: PROJECT_ROOT/data
2025-09-23 20:11:27 | INFO | SQLITE_PATH: PROJECT_ROOT/data/buzz.sqlite
2025-09-23 20:11:27 | INFO | SUCCESS: Read environment variables.
2025-09-23 20:11:27 | INFO | STEP 2. Delete any prior database file for a fresh start.
2025-09-23 20:11:27 | INFO | SUCCESS: Deleted database file.
2025-09-23 20:11:27 | INFO | STEP 3. Initialize a new database with an empty table.
2025-09-23 20:11:27 | INFO | Calling SQLite init_db() with {db_path=}.
2025-09-23 20:11:27 | INFO | SUCCESS: Got a cursor to execute SQL.
2025-09-23 20:11:27 | INFO | SUCCESS: Database initialized and table ready at PROJECT_ROOT/data/buzz.sqlite.
2025-09-23 20:11:27 | INFO | STEP 4. Begin consuming and storing messages.
2025-09-23 20:11:27 | INFO | Called consume_messages_from_file() with:
2025-09-23 20:11:27 | INFO |    live_data_path=WindowsPath('C:/Projects/buzzline-05-vrtachnik/data/project_live.json')
2025-09-23 20:11:27 | INFO |    sql_path=WindowsPath('C:/Projects/buzzline-05-vrtachnik/data/buzz.sqlite')
2025-09-23 20:11:27 | INFO |    interval_secs=5
2025-09-23 20:11:27 | INFO |    last_position=0
2025-09-23 20:11:27 | INFO | 1. Initialize the database.
2025-09-23 20:11:27 | INFO | Calling SQLite init_db() with {db_path=}.
2025-09-23 20:11:27 | INFO | SUCCESS: Got a cursor to execute SQL.
2025-09-23 20:11:27 | INFO | SUCCESS: Database initialized and table ready at PROJECT_ROOT/data/buzz.sqlite.
2025-09-23 20:11:27 | INFO | 2. Set the last position to 0 to start at the beginning of the file.
2025-09-23 20:11:27 | INFO | 3. Read from live data file at position 0.
2025-09-23 20:11:27 | INFO | Processed message: {'message': 'I just loved game! It was funny.', 'author': 'Alice', 'timestamp': '2025-09-23 20:09:50', 'category': 'gaming', 'sentiment': 0.66, 'keyword_mentioned': 'game', 'message_length': 32}
2025-09-23 20:11:27 | INFO | Calling SQLite insert_message() with:
2025-09-23 20:11:27 | INFO | message={'message': 'I just loved game! It was funny.', 'author': 'Alice', 'timestamp': '2025-09-23 20:09:50', 'category': 'gaming', 'sentiment': 0.66, 'keyword_mentioned': 'game', 'message_length': 32}
2025-09-23 20:11:27 | INFO | db_path=WindowsPath('C:/Projects/buzzline-05-vrtachnik/data/buzz.sqlite')
2025-09-23 20:11:27 | INFO | Inserted one message into the database.
2025-09-23 20:11:27 | INFO | Processed message: {'message': 'I just tried JavaScript! It was weird.', 'author': 'Alice', 'timestamp': '2025-09-23 20:09:55', 'category': 'tech', 'sentiment': 0.76, 'keyword_mentioned': 'JavaScript', 'message_length': 38}
2025-09-23 20:11:27 | INFO | Calling SQLite insert_message() with:
2025-09-23 20:11:27 | INFO | message={'message': 'I just tried JavaScript! It was weird.', 'author': 'Alice', 'timestamp': '2025-09-23 20:09:55', 'category': 'tech', 'sentiment': 0.76, 'keyword_mentioned': 'JavaScript', 'message_length': 38}
2025-09-23 20:11:27 | INFO | db_path=WindowsPath('C:/Projects/buzzline-05-vrtachnik/data/buzz.sqlite')
2025-09-23 20:11:27 | INFO | Inserted one message into the database.
2025-09-23 20:11:27 | INFO | Processed message: {'message': 'I just loved Python! It was boring.', 'author': 'Alice', 'timestamp': '2025-09-23 20:10:00', 'category': 'tech', 'sentiment': 0.98, 'keyword_mentioned': 'Python', 'message_length': 35}
2025-09-23 20:11:27 | INFO | Calling SQLite insert_message() with:
2025-09-23 20:11:27 | INFO | message={'message': 'I just loved Python! It was boring.', 'author': 'Alice', 'timestamp': '2025-09-23 20:10:00', 'category': 'tech', 'sentiment': 0.98, 'keyword_mentioned': 'Python', 'message_length': 35}
2025-09-23 20:11:27 | INFO | db_path=WindowsPath('C:/Projects/buzzline-05-vrtachnik/data/buzz.sqlite')
2025-09-23 20:11:27 | INFO | Inserted one message into the database.
2025-09-23 20:11:27 | INFO | Processed message: {'message': 'I just tried recipe! It was weird.', 'author': 'Eve', 'timestamp': '2025-09-23 20:10:05', 'category': 'food', 'sentiment': 0.65, 'keyword_mentioned': 'recipe', 'message_length': 34}
2025-09-23 20:11:27 | INFO | Calling SQLite insert_message() with:
2025-09-23 20:11:27 | INFO | message={'message': 'I just tried recipe! It was weird.', 'author': 'Eve', 'timestamp': '2025-09-23 20:10:05', 'category': 'food', 'sentiment': 0.65, 'keyword_mentioned': 'recipe', 'message_length': 34}
2025-09-23 20:11:27 | INFO | db_path=WindowsPath('C:/Projects/buzzline-05-vrtachnik/data/buzz.sqlite')
2025-09-23 20:11:27 | INFO | Inserted one message into the database.
2025-09-23 20:11:27 | INFO | Processed message: {'message': 'I just loved recipe! It was boring.', 'author': 'Bob', 'timestamp': '2025-09-23 20:10:10', 'category': 'food', 'sentiment': 0.26, 'keyword_mentioned': 'recipe', 'message_length': 35}
2025-09-23 20:11:27 | INFO | Calling SQLite insert_message() with:
2025-09-23 20:11:27 | INFO | message={'message': 'I just loved recipe! It was boring.', 'author': 'Bob', 'timestamp': '2025-09-23 20:10:10', 'category': 'food', 'sentiment': 0.26, 'keyword_mentioned': 'recipe', 'message_length': 35}
2025-09-23 20:11:27 | INFO | db_path=WindowsPath('C:/Projects/buzzline-05-vrtachnik/data/buzz.sqlite')
2025-09-23 20:11:27 | INFO | Inserted one message into the database.
2025-09-23 20:11:27 | INFO | Processed message: {'message': 'I just shared Python! It was amazing.', 'author': 'Bob', 'timestamp': '2025-09-23 20:10:15', 'category': 'tech', 'sentiment': 0.27, 'keyword_mentioned': 'Python', 'message_length': 37}
2025-09-23 20:11:27 | INFO | Calling SQLite insert_message() with:
2025-09-23 20:11:27 | INFO | message={'message': 'I just shared Python! It was amazing.', 'author': 'Bob', 'timestamp': '2025-09-23 20:10:15', 'category': 'tech', 'sentiment': 0.27, 'keyword_mentioned': 'Python', 'message_length': 37}
2025-09-23 20:11:27 | INFO | db_path=WindowsPath('C:/Projects/buzzline-05-vrtachnik/data/buzz.sqlite')
2025-09-23 20:11:27 | INFO | Inserted one message into the database.
2025-09-23 20:11:27 | INFO | Processed message: {'message': 'I just saw recipe! It was boring.', 'author': 'Eve', 'timestamp': '2025-09-23 20:10:20', 'category': 'food', 'sentiment': 0.36, 'keyword_mentioned': 'recipe', 'message_length': 33}
2025-09-23 20:11:27 | INFO | Calling SQLite insert_message() with:
2025-09-23 20:11:27 | INFO | message={'message': 'I just saw recipe! It was boring.', 'author': 'Eve', 'timestamp': '2025-09-23 20:10:20', 'category': 'food', 'sentiment': 0.36, 'keyword_mentioned': 'recipe', 'message_length': 33}
2025-09-23 20:11:27 | INFO | db_path=WindowsPath('C:/Projects/buzzline-05-vrtachnik/data/buzz.sqlite')
2025-09-23 20:11:27 | INFO | Inserted one message into the database.
2025-09-23 20:11:27 | INFO | Processed message: {'message': 'I just tried travel! It was weird.', 'author': 'Eve', 'timestamp': '2025-09-23 20:10:25', 'category': 'travel', 'sentiment': 0.09, 'keyword_mentioned': 'travel', 'message_length': 34}
2025-09-23 20:11:27 | INFO | Calling SQLite insert_message() with:
2025-09-23 20:11:27 | INFO | message={'message': 'I just tried travel! It was weird.', 'author': 'Eve', 'timestamp': '2025-09-23 20:10:25', 'category': 'travel', 'sentiment': 0.09, 'keyword_mentioned': 'travel', 'message_length': 34}
2025-09-23 20:11:27 | INFO | db_path=WindowsPath('C:/Projects/buzzline-05-vrtachnik/data/buzz.sqlite')
2025-09-23 20:11:27 | INFO | Inserted one message into the database.
2025-09-23 20:11:27 | INFO | Processed message: {'message': 'I just loved a movie! It was funny.', 'author': 'Bob', 'timestamp': '2025-09-23 20:10:30', 'category': 'entertainment', 'sentiment': 0.69, 'keyword_mentioned': 'movie', 'message_length': 35}
2025-09-23 20:11:27 | INFO | Calling SQLite insert_message() with:
2025-09-23 20:11:27 | INFO | message={'message': 'I just loved a movie! It was funny.', 'author': 'Bob', 'timestamp': '2025-09-23 20:10:30', 'category': 'entertainment', 'sentiment': 0.69, 'keyword_mentioned': 'movie', 'message_length': 35}
2025-09-23 20:11:27 | INFO | db_path=WindowsPath('C:/Projects/buzzline-05-vrtachnik/data/buzz.sqlite')
2025-09-23 20:11:27 | INFO | Inserted one message into the database.
2025-09-23 20:11:27 | INFO | Processed message: {'message': 'I just shared game! It was weird.', 'author': 'Charlie', 'timestamp': '2025-09-23 20:10:35', 'category': 'gaming', 'sentiment': 0.03, 'keyword_mentioned': 'game', 'message_length': 33}
2025-09-23 20:11:27 | INFO | Calling SQLite insert_message() with:
2025-09-23 20:11:27 | INFO | message={'message': 'I just shared game! It was weird.', 'author': 'Charlie', 'timestamp': '2025-09-23 20:10:35', 'category': 'gaming', 'sentiment': 0.03, 'keyword_mentioned': 'game', 'message_length': 33}
2025-09-23 20:11:27 | INFO | db_path=WindowsPath('C:/Projects/buzzline-05-vrtachnik/data/buzz.sqlite')
2025-09-23 20:11:27 | INFO | Inserted one message into the database.
2025-09-23 20:11:27 | INFO | Processed message: {'message': 'I just found travel! It was exciting.', 'author': 'Alice', 'timestamp': '2025-09-23 20:10:40', 'category': 'travel', 'sentiment': 0.74, 'keyword_mentioned': 'travel', 'message_length': 37}
2025-09-23 20:11:27 | INFO | Calling SQLite insert_message() with:
2025-09-23 20:11:27 | INFO | message={'message': 'I just found travel! It was exciting.', 'author': 'Alice', 'timestamp': '2025-09-23 20:10:40', 'category': 'travel', 'sentiment': 0.74, 'keyword_mentioned': 'travel', 'message_length': 37}
2025-09-23 20:11:27 | INFO | db_path=WindowsPath('C:/Projects/buzzline-05-vrtachnik/data/buzz.sqlite')
2025-09-23 20:11:27 | INFO | Inserted one message into the database.
2025-09-23 20:11:27 | INFO | Processed message: {'message': 'I just saw game! It was amazing.', 'author': 'Charlie', 'timestamp': '2025-09-23 20:10:45', 'category': 'gaming', 'sentiment': 0.98, 'keyword_mentioned': 'game', 'message_length': 32}
2025-09-23 20:11:27 | INFO | Calling SQLite insert_message() with:
2025-09-23 20:11:27 | INFO | message={'message': 'I just saw game! It was amazing.', 'author': 'Charlie', 'timestamp': '2025-09-23 20:10:45', 'category': 'gaming', 'sentiment': 0.98, 'keyword_mentioned': 'game', 'message_length': 32}
2025-09-23 20:11:27 | INFO | db_path=WindowsPath('C:/Projects/buzzline-05-vrtachnik/data/buzz.sqlite')
2025-09-23 20:11:27 | INFO | Inserted one message into the database.
2025-09-23 20:11:27 | INFO | Processed message: {'message': 'I just loved a story! It was weird.', 'author': 'Bob', 'timestamp': '2025-09-23 20:10:50', 'category': 'other', 'sentiment': 0.22, 'keyword_mentioned': 'other', 'message_length': 35}
2025-09-23 20:11:27 | INFO | Calling SQLite insert_message() with:
2025-09-23 20:11:27 | INFO | message={'message': 'I just loved a story! It was weird.', 'author': 'Bob', 'timestamp': '2025-09-23 20:10:50', 'category': 'other', 'sentiment': 0.22, 'keyword_mentioned': 'other', 'message_length': 35}
2025-09-23 20:11:27 | INFO | db_path=WindowsPath('C:/Projects/buzzline-05-vrtachnik/data/buzz.sqlite')
2025-09-23 20:11:27 | INFO | Inserted one message into the database.
2025-09-23 20:11:27 | INFO | Processed message: {'message': 'I just shared an app! It was exciting.', 'author': 'Eve', 'timestamp': '2025-09-23 20:10:55', 'category': 'other', 'sentiment': 0.03, 'keyword_mentioned': 'other', 'message_length': 38}
2025-09-23 20:11:27 | INFO | Calling SQLite insert_message() with:
2025-09-23 20:11:27 | INFO | message={'message': 'I just shared an app! It was exciting.', 'author': 'Eve', 'timestamp': '2025-09-23 20:10:55', 'category': 'other', 'sentiment': 0.03, 'keyword_mentioned': 'other', 'message_length': 38}
2025-09-23 20:11:27 | INFO | db_path=WindowsPath('C:/Projects/buzzline-05-vrtachnik/data/buzz.sqlite')
2025-09-23 20:11:27 | INFO | Inserted one message into the database.
2025-09-23 20:11:27 | INFO | Processed message: {'message': 'I just saw a movie! It was exciting.', 'author': 'Bob', 'timestamp': '2025-09-23 20:11:00', 'category': 'entertainment', 'sentiment': 0.32, 'keyword_mentioned': 'movie', 'message_length': 36}
2025-09-23 20:11:27 | INFO | Calling SQLite insert_message() with:
2025-09-23 20:11:27 | INFO | message={'message': 'I just saw a movie! It was exciting.', 'author': 'Bob', 'timestamp': '2025-09-23 20:11:00', 'category': 'entertainment', 'sentiment': 0.32, 'keyword_mentioned': 'movie', 'message_length': 36}
2025-09-23 20:11:27 | INFO | db_path=WindowsPath('C:/Projects/buzzline-05-vrtachnik/data/buzz.sqlite')
2025-09-23 20:11:27 | INFO | Inserted one message into the database.
2025-09-23 20:11:28 | INFO | Processed message: {'message': 'I just loved a story! It was amazing.', 'author': 'Alice', 'timestamp': '2025-09-23 20:11:05', 'category': 'other', 'sentiment': 0.33, 'keyword_mentioned': 'other', 'message_length': 37}
2025-09-23 20:11:28 | INFO | Calling SQLite insert_message() with:
2025-09-23 20:11:28 | INFO | message={'message': 'I just loved a story! It was amazing.', 'author': 'Alice', 'timestamp': '2025-09-23 20:11:05', 'category': 'other', 'sentiment': 0.33, 'keyword_mentioned': 'other', 'message_length': 37}
2025-09-23 20:11:28 | INFO | db_path=WindowsPath('C:/Projects/buzzline-05-vrtachnik/data/buzz.sqlite')
2025-09-23 20:11:28 | INFO | Inserted one message into the database.
2025-09-23 20:11:28 | INFO | Processed message: {'message': 'I just saw a trick! It was weird.', 'author': 'Bob', 'timestamp': '2025-09-23 20:11:10', 'category': 'other', 'sentiment': 0.83, 'keyword_mentioned': 'other', 'message_length': 33}
2025-09-23 20:11:28 | INFO | Calling SQLite insert_message() with:
2025-09-23 20:11:28 | INFO | message={'message': 'I just saw a trick! It was weird.', 'author': 'Bob', 'timestamp': '2025-09-23 20:11:10', 'category': 'other', 'sentiment': 0.83, 'keyword_mentioned': 'other', 'message_length': 33}
2025-09-23 20:11:28 | INFO | db_path=WindowsPath('C:/Projects/buzzline-05-vrtachnik/data/buzz.sqlite')
2025-09-23 20:11:28 | INFO | Inserted one message into the database.
2025-09-23 20:11:28 | INFO | Processed message: {'message': 'I just shared Python! It was amazing.', 'author': 'Bob', 'timestamp': '2025-09-23 20:11:15', 'category': 'tech', 'sentiment': 0.01, 'keyword_mentioned': 'Python', 'message_length': 37}
2025-09-23 20:11:28 | INFO | Calling SQLite insert_message() with:
2025-09-23 20:11:28 | INFO | message={'message': 'I just shared Python! It was amazing.', 'author': 'Bob', 'timestamp': '2025-09-23 20:11:15', 'category': 'tech', 'sentiment': 0.01, 'keyword_mentioned': 'Python', 'message_length': 37}
2025-09-23 20:11:28 | INFO | db_path=WindowsPath('C:/Projects/buzzline-05-vrtachnik/data/buzz.sqlite')
2025-09-23 20:11:28 | INFO | Inserted one message into the database.
2025-09-23 20:11:28 | INFO | Processed message: {'message': 'I just found JavaScript! It was boring.', 'author': 'Alice', 'timestamp': '2025-09-23 20:11:20', 'category': 'tech', 'sentiment': 0.22, 'keyword_mentioned': 'JavaScript', 'message_length': 39}
2025-09-23 20:11:28 | INFO | Calling SQLite insert_message() with:
2025-09-23 20:11:28 | INFO | message={'message': 'I just found JavaScript! It was boring.', 'author': 'Alice', 'timestamp': '2025-09-23 20:11:20', 'category': 'tech', 'sentiment': 0.22, 'keyword_mentioned': 'JavaScript', 'message_length': 39}
2025-09-23 20:11:28 | INFO | db_path=WindowsPath('C:/Projects/buzzline-05-vrtachnik/data/buzz.sqlite')
2025-09-23 20:11:28 | INFO | Inserted one message into the database.
2025-09-23 20:11:28 | INFO | Processed message: {'message': 'I just shared a trick! It was weird.', 'author': 'Charlie', 'timestamp': '2025-09-23 20:11:25', 'category': 'other', 'sentiment': 0.52, 'keyword_mentioned': 'other', 'message_length': 36}
2025-09-23 20:11:28 | INFO | Calling SQLite insert_message() with:
2025-09-23 20:11:28 | INFO | message={'message': 'I just shared a trick! It was weird.', 'author': 'Charlie', 'timestamp': '2025-09-23 20:11:25', 'category': 'other', 'sentiment': 0.52, 'keyword_mentioned': 'other', 'message_length': 36}
2025-09-23 20:11:28 | INFO | db_path=WindowsPath('C:/Projects/buzzline-05-vrtachnik/data/buzz.sqlite')
2025-09-23 20:11:28 | INFO | Inserted one message into the database.
2025-09-23 20:11:28 | INFO | TRY/FINALLY: Consumer shutting down.
2025-09-23 20:11:30 | INFO | {'message': 'I just found recipe! It was funny.', 'author': 'Eve', 'timestamp': '2025-09-23 20:11:30', 'category': 'food', 'sentiment': 0.79, 'keyword_mentioned': 'recipe', 'message_length': 34}
2025-09-23 20:11:35 | INFO | {'message': 'I just tried an app! It was funny.', 'author': 'Bob', 'timestamp': '2025-09-23 20:11:35', 'category': 'other', 'sentiment': 0.63, 'keyword_mentioned': 'other', 'message_length': 34}
2025-09-23 20:11:40 | INFO | {'message': 'I just shared a movie! It was weird.', 'author': 'Bob', 'timestamp': '2025-09-23 20:11:40', 'category': 'entertainment', 'sentiment': 0.19, 'keyword_mentioned': 'movie', 'message_length': 36}
2025-09-23 20:11:45 | INFO | {'message': 'I just tried a meme! It was amazing.', 'author': 'Alice', 'timestamp': '2025-09-23 20:11:45', 'category': 'humor', 'sentiment': 0.36, 'keyword_mentioned': 'meme', 'message_length': 36}
2025-09-23 20:11:50 | INFO | {'message': 'I just shared JavaScript! It was weird.', 'author': 'Eve', 'timestamp': '2025-09-23 20:11:50', 'category': 'tech', 'sentiment': 0.7, 'keyword_mentioned': 'JavaScript', 'message_length': 39}
2025-09-23 20:11:55 | INFO | {'message': 'I just shared a trick! It was exciting.', 'author': 'Bob', 'timestamp': '2025-09-23 20:11:55', 'category': 'other', 'sentiment': 0.78, 'keyword_mentioned': 'other', 'message_length': 39}
2025-09-23 20:12:00 | INFO | {'message': 'I just shared a story! It was exciting.', 'author': 'Bob', 'timestamp': '2025-09-23 20:12:00', 'category': 'other', 'sentiment': 0.95, 'keyword_mentioned': 'other', 'message_length': 39}
2025-09-23 20:12:05 | INFO | {'message': 'I just tried an app! It was boring.', 'author': 'Charlie', 'timestamp': '2025-09-23 20:12:05', 'category': 'other', 'sentiment': 0.31, 'keyword_mentioned': 'other', 'message_length': 35}
2025-09-23 20:12:10 | INFO | {'message': 'I just shared a trick! It was amazing.', 'author': 'Charlie', 'timestamp': '2025-09-23 20:12:10', 'category': 'other', 'sentiment': 0.18, 'keyword_mentioned': 'other', 'message_length': 38}
2025-09-23 20:12:15 | INFO | {'message': 'I just saw JavaScript! It was amazing.', 'author': 'Eve', 'timestamp': '2025-09-23 20:12:15', 'category': 'tech', 'sentiment': 0.28, 'keyword_mentioned': 'JavaScript', 'message_length': 38}
2025-09-23 20:12:20 | INFO | {'message': 'I just found a story! It was weird.', 'author': 'Eve', 'timestamp': '2025-09-23 20:12:20', 'category': 'other', 'sentiment': 0.8, 'keyword_mentioned': 'other', 'message_length': 35}
2025-09-23 20:12:25 | INFO | {'message': 'I just loved recipe! It was funny.', 'author': 'Bob', 'timestamp': '2025-09-23 20:12:25', 'category': 'food', 'sentiment': 0.0, 'keyword_mentioned': 'recipe', 'message_length': 34}
2025-09-23 20:12:30 | INFO | {'message': 'I just loved JavaScript! It was boring.', 'author': 'Charlie', 'timestamp': '2025-09-23 20:12:30', 'category': 'tech', 'sentiment': 0.85, 'keyword_mentioned': 'JavaScript', 'message_length': 39}
2025-09-23 20:12:35 | INFO | {'message': 'I just found recipe! It was amazing.', 'author': 'Alice', 'timestamp': '2025-09-23 20:12:35', 'category': 'food', 'sentiment': 0.51, 'keyword_mentioned': 'recipe', 'message_length': 36}
2025-09-23 20:12:40 | INFO | {'message': 'I just saw Python! It was funny.', 'author': 'Charlie', 'timestamp': '2025-09-23 20:12:40', 'category': 'tech', 'sentiment': 0.37, 'keyword_mentioned': 'Python', 'message_length': 32}
2025-09-23 20:12:45 | INFO | {'message': 'I just found JavaScript! It was amazing.', 'author': 'Alice', 'timestamp': '2025-09-23 20:12:45', 'category': 'tech', 'sentiment': 0.26, 'keyword_mentioned': 'JavaScript', 'message_length': 40}
2025-09-23 20:12:50 | INFO | {'message': 'I just saw travel! It was exciting.', 'author': 'Eve', 'timestamp': '2025-09-23 20:12:50', 'category': 'travel', 'sentiment': 0.93, 'keyword_mentioned': 'travel', 'message_length': 35}
2025-09-23 20:12:55 | INFO | {'message': 'I just saw a meme! It was funny.', 'author': 'Alice', 'timestamp': '2025-09-23 20:12:55', 'category': 'humor', 'sentiment': 0.08, 'keyword_mentioned': 'meme', 'message_length': 32}
2025-09-23 20:13:00 | INFO | {'message': 'I just tried travel! It was funny.', 'author': 'Alice', 'timestamp': '2025-09-23 20:13:00', 'category': 'travel', 'sentiment': 0.66, 'keyword_mentioned': 'travel', 'message_length': 34}
2025-09-23 20:13:05 | INFO | {'message': 'I just tried game! It was weird.', 'author': 'Eve', 'timestamp': '2025-09-23 20:13:05', 'category': 'gaming', 'sentiment': 0.8, 'keyword_mentioned': 'game', 'message_length': 32}
2025-09-23 20:13:10 | INFO | {'message': 'I just loved an app! It was amazing.', 'author': 'Alice', 'timestamp': '2025-09-23 20:13:10', 'category': 'other', 'sentiment': 0.64, 'keyword_mentioned': 'other', 'message_length': 36}
2025-09-23 20:13:15 | INFO | {'message': 'I just found a meme! It was funny.', 'author': 'Eve', 'timestamp': '2025-09-23 20:13:15', 'category': 'humor', 'sentiment': 0.81, 'keyword_mentioned': 'meme', 'message_length': 34}
