2025-09-25 19:02:19 | INFO | Inserted one message into the database.
2025-09-25 19:02:19 | INFO | Processed message: {'message': 'I just tried recipe! It was amazing.', 'author': 'Alice', 'timestamp': '2025-09-23 20:58:41', 'category': 'food', 'sentiment': 0.58, 'keyword_mentioned': 'recipe', 'message_length': 36}
2025-09-25 19:02:19 | INFO | Calling SQLite insert_message() with:
2025-09-25 19:02:19 | INFO | message={'message': 'I just tried recipe! It was amazing.', 'author': 'Alice', 'timestamp': '2025-09-23 20:58:41', 'category': 'food', 'sentiment': 0.58, 'keyword_mentioned': 'recipe', 'message_length': 36}
2025-09-25 19:02:19 | INFO | db_path=WindowsPath('C:/Projects/buzzline-05-vrtachnik/data/buzz.sqlite')
2025-09-25 19:02:19 | INFO | Inserted one message into the database.
2025-09-25 19:02:19 | INFO | Processed message: {'message': 'I just loved a trick! It was boring.', 'author': 'Alice', 'timestamp': '2025-09-23 20:58:46', 'category': 'other', 'sentiment': 0.87, 'keyword_mentioned': 'other', 'message_length': 36}
2025-09-25 19:02:19 | INFO | Calling SQLite insert_message() with:
2025-09-25 19:02:19 | INFO | message={'message': 'I just loved a trick! It was boring.', 'author': 'Alice', 'timestamp': '2025-09-23 20:58:46', 'category': 'other', 'sentiment': 0.87, 'keyword_mentioned': 'other', 'message_length': 36}
2025-09-25 19:02:19 | INFO | db_path=WindowsPath('C:/Projects/buzzline-05-vrtachnik/data/buzz.sqlite')
2025-09-25 19:02:19 | INFO | Inserted one message into the database.
2025-09-25 19:02:19 | INFO | Processed message: {'message': 'I just tried JavaScript! It was boring.', 'author': 'Charlie', 'timestamp': '2025-09-23 20:58:51', 'category': 'tech', 'sentiment': 0.24, 'keyword_mentioned': 'JavaScript', 'message_length': 39}
2025-09-25 19:02:19 | INFO | Calling SQLite insert_message() with:
2025-09-25 19:02:19 | INFO | message={'message': 'I just tried JavaScript! It was boring.', 'author': 'Charlie', 'timestamp': '2025-09-23 20:58:51', 'category': 'tech', 'sentiment': 0.24, 'keyword_mentioned': 'JavaScript', 'message_length': 39}
2025-09-25 19:02:19 | INFO | db_path=WindowsPath('C:/Projects/buzzline-05-vrtachnik/data/buzz.sqlite')
2025-09-25 19:02:19 | INFO | Inserted one message into the database.
2025-09-25 19:02:19 | INFO | Processed message: {'message': 'I just tried JavaScript! It was boring.', 'author': 'Bob', 'timestamp': '2025-09-23 20:58:56', 'category': 'tech', 'sentiment': 0.97, 'keyword_mentioned': 'JavaScript', 'message_length': 39}
2025-09-25 19:02:19 | INFO | Calling SQLite insert_message() with:
2025-09-25 19:02:19 | INFO | message={'message': 'I just tried JavaScript! It was boring.', 'author': 'Bob', 'timestamp': '2025-09-23 20:58:56', 'category': 'tech', 'sentiment': 0.97, 'keyword_mentioned': 'JavaScript', 'message_length': 39}
2025-09-25 19:02:19 | INFO | db_path=WindowsPath('C:/Projects/buzzline-05-vrtachnik/data/buzz.sqlite')
2025-09-25 19:02:19 | INFO | Inserted one message into the database.
2025-09-25 19:02:19 | INFO | Processed message: {'message': 'I just shared JavaScript! It was funny.', 'author': 'Eve', 'timestamp': '2025-09-23 20:59:01', 'category': 'tech', 'sentiment': 0.13, 'keyword_mentioned': 'JavaScript', 'message_length': 39}
2025-09-25 19:02:19 | INFO | Calling SQLite insert_message() with:
2025-09-25 19:02:19 | INFO | message={'message': 'I just shared JavaScript! It was funny.', 'author': 'Eve', 'timestamp': '2025-09-23 20:59:01', 'category': 'tech', 'sentiment': 0.13, 'keyword_mentioned': 'JavaScript', 'message_length': 39}
2025-09-25 19:02:19 | INFO | db_path=WindowsPath('C:/Projects/buzzline-05-vrtachnik/data/buzz.sqlite')
2025-09-25 19:02:19 | INFO | Inserted one message into the database.
2025-09-25 19:02:19 | INFO | Processed message: {'message': 'I just found travel! It was exciting.', 'author': 'Bob', 'timestamp': '2025-09-23 20:59:06', 'category': 'travel', 'sentiment': 0.7, 'keyword_mentioned': 'travel', 'message_length': 37}
2025-09-25 19:02:19 | INFO | Calling SQLite insert_message() with:
2025-09-25 19:02:19 | INFO | message={'message': 'I just found travel! It was exciting.', 'author': 'Bob', 'timestamp': '2025-09-23 20:59:06', 'category': 'travel', 'sentiment': 0.7, 'keyword_mentioned': 'travel', 'message_length': 37}
2025-09-25 19:02:19 | INFO | db_path=WindowsPath('C:/Projects/buzzline-05-vrtachnik/data/buzz.sqlite')
2025-09-25 19:02:19 | INFO | Inserted one message into the database.
2025-09-25 19:02:19 | INFO | Processed message: {'message': 'I just saw Python! It was exciting.', 'author': 'Charlie', 'timestamp': '2025-09-23 20:59:11', 'category': 'tech', 'sentiment': 0.08, 'keyword_mentioned': 'Python', 'message_length': 35}
2025-09-25 19:02:19 | INFO | Calling SQLite insert_message() with:
2025-09-25 19:02:19 | INFO | message={'message': 'I just saw Python! It was exciting.', 'author': 'Charlie', 'timestamp': '2025-09-23 20:59:11', 'category': 'tech', 'sentiment': 0.08, 'keyword_mentioned': 'Python', 'message_length': 35}
2025-09-25 19:02:19 | INFO | db_path=WindowsPath('C:/Projects/buzzline-05-vrtachnik/data/buzz.sqlite')
2025-09-25 19:02:19 | INFO | Inserted one message into the database.
2025-09-25 19:02:19 | INFO | Processed message: {'message': 'I just tried game! It was exciting.', 'author': 'Alice', 'timestamp': '2025-09-23 20:59:16', 'category': 'gaming', 'sentiment': 0.58, 'keyword_mentioned': 'game', 'message_length': 35}
2025-09-25 19:02:19 | INFO | Calling SQLite insert_message() with:
2025-09-25 19:02:19 | INFO | message={'message': 'I just tried game! It was exciting.', 'author': 'Alice', 'timestamp': '2025-09-23 20:59:16', 'category': 'gaming', 'sentiment': 0.58, 'keyword_mentioned': 'game', 'message_length': 35}
2025-09-25 19:02:19 | INFO | db_path=WindowsPath('C:/Projects/buzzline-05-vrtachnik/data/buzz.sqlite')
2025-09-25 19:02:19 | INFO | Inserted one message into the database.
2025-09-25 19:02:19 | INFO | Processed message: {'message': 'I just saw a trick! It was boring.', 'author': 'Charlie', 'timestamp': '2025-09-23 20:59:21', 'category': 'other', 'sentiment': 0.47, 'keyword_mentioned': 'other', 'message_length': 34}
2025-09-25 19:02:19 | INFO | Calling SQLite insert_message() with:
2025-09-25 19:02:19 | INFO | message={'message': 'I just saw a trick! It was boring.', 'author': 'Charlie', 'timestamp': '2025-09-23 20:59:21', 'category': 'other', 'sentiment': 0.47, 'keyword_mentioned': 'other', 'message_length': 34}
2025-09-25 19:02:19 | INFO | db_path=WindowsPath('C:/Projects/buzzline-05-vrtachnik/data/buzz.sqlite')
2025-09-25 19:02:19 | INFO | Inserted one message into the database.
2025-09-25 19:02:19 | INFO | Processed message: {'message': 'I just saw a trick! It was boring.', 'author': 'Charlie', 'timestamp': '2025-09-23 20:59:26', 'category': 'other', 'sentiment': 0.42, 'keyword_mentioned': 'other', 'message_length': 34}
2025-09-25 19:02:19 | INFO | Calling SQLite insert_message() with:
2025-09-25 19:02:19 | INFO | message={'message': 'I just saw a trick! It was boring.', 'author': 'Charlie', 'timestamp': '2025-09-23 20:59:26', 'category': 'other', 'sentiment': 0.42, 'keyword_mentioned': 'other', 'message_length': 34}
2025-09-25 19:02:19 | INFO | db_path=WindowsPath('C:/Projects/buzzline-05-vrtachnik/data/buzz.sqlite')
2025-09-25 19:02:19 | INFO | Inserted one message into the database.
2025-09-25 19:02:19 | INFO | Processed message: {'message': 'I just tried recipe! It was boring.', 'author': 'Eve', 'timestamp': '2025-09-23 20:59:31', 'category': 'food', 'sentiment': 0.88, 'keyword_mentioned': 'recipe', 'message_length': 35}
2025-09-25 19:02:19 | INFO | Calling SQLite insert_message() with:
2025-09-25 19:02:19 | INFO | message={'message': 'I just tried recipe! It was boring.', 'author': 'Eve', 'timestamp': '2025-09-23 20:59:31', 'category': 'food', 'sentiment': 0.88, 'keyword_mentioned': 'recipe', 'message_length': 35}
2025-09-25 19:02:19 | INFO | db_path=WindowsPath('C:/Projects/buzzline-05-vrtachnik/data/buzz.sqlite')
2025-09-25 19:02:19 | INFO | Inserted one message into the database.
2025-09-25 19:02:19 | INFO | Processed message: {'message': 'I just tried a meme! It was exciting.', 'author': 'Alice', 'timestamp': '2025-09-23 20:59:36', 'category': 'humor', 'sentiment': 0.6, 'keyword_mentioned': 'meme', 'message_length': 37}
2025-09-25 19:02:19 | INFO | Calling SQLite insert_message() with:
2025-09-25 19:02:19 | INFO | message={'message': 'I just tried a meme! It was exciting.', 'author': 'Alice', 'timestamp': '2025-09-23 20:59:36', 'category': 'humor', 'sentiment': 0.6, 'keyword_mentioned': 'meme', 'message_length': 37}
2025-09-25 19:02:19 | INFO | db_path=WindowsPath('C:/Projects/buzzline-05-vrtachnik/data/buzz.sqlite')
2025-09-25 19:02:19 | INFO | Inserted one message into the database.
2025-09-25 19:02:19 | INFO | Processed message: {'message': 'I just shared a story! It was funny.', 'author': 'Charlie', 'timestamp': '2025-09-23 20:59:41', 'category': 'other', 'sentiment': 0.44, 'keyword_mentioned': 'other', 'message_length': 36}
2025-09-25 19:02:19 | INFO | Calling SQLite insert_message() with:
2025-09-25 19:02:19 | INFO | message={'message': 'I just shared a story! It was funny.', 'author': 'Charlie', 'timestamp': '2025-09-23 20:59:41', 'category': 'other', 'sentiment': 0.44, 'keyword_mentioned': 'other', 'message_length': 36}
2025-09-25 19:02:19 | INFO | db_path=WindowsPath('C:/Projects/buzzline-05-vrtachnik/data/buzz.sqlite')
2025-09-25 19:02:19 | INFO | Inserted one message into the database.
2025-09-25 19:02:19 | INFO | Processed message: {'message': 'I just saw a meme! It was weird.', 'author': 'Bob', 'timestamp': '2025-09-23 20:59:46', 'category': 'humor', 'sentiment': 0.95, 'keyword_mentioned': 'meme', 'message_length': 32}
2025-09-25 19:02:19 | INFO | Calling SQLite insert_message() with:
2025-09-25 19:02:19 | INFO | message={'message': 'I just saw a meme! It was weird.', 'author': 'Bob', 'timestamp': '2025-09-23 20:59:46', 'category': 'humor', 'sentiment': 0.95, 'keyword_mentioned': 'meme', 'message_length': 32}
2025-09-25 19:02:19 | INFO | db_path=WindowsPath('C:/Projects/buzzline-05-vrtachnik/data/buzz.sqlite')
2025-09-25 19:02:19 | INFO | Inserted one message into the database.
2025-09-25 19:02:19 | INFO | Processed message: {'message': 'I just shared a story! It was funny.', 'author': 'Charlie', 'timestamp': '2025-09-23 20:59:51', 'category': 'other', 'sentiment': 0.99, 'keyword_mentioned': 'other', 'message_length': 36}
2025-09-25 19:02:19 | INFO | Calling SQLite insert_message() with:
2025-09-25 19:02:19 | INFO | message={'message': 'I just shared a story! It was funny.', 'author': 'Charlie', 'timestamp': '2025-09-23 20:59:51', 'category': 'other', 'sentiment': 0.99, 'keyword_mentioned': 'other', 'message_length': 36}
2025-09-25 19:02:19 | INFO | db_path=WindowsPath('C:/Projects/buzzline-05-vrtachnik/data/buzz.sqlite')
2025-09-25 19:02:19 | INFO | Inserted one message into the database.
2025-09-25 19:02:19 | INFO | Processed message: {'message': 'I just saw game! It was boring.', 'author': 'Alice', 'timestamp': '2025-09-23 20:59:56', 'category': 'gaming', 'sentiment': 0.62, 'keyword_mentioned': 'game', 'message_length': 31}
2025-09-25 19:02:19 | INFO | Calling SQLite insert_message() with:
2025-09-25 19:02:19 | INFO | message={'message': 'I just saw game! It was boring.', 'author': 'Alice', 'timestamp': '2025-09-23 20:59:56', 'category': 'gaming', 'sentiment': 0.62, 'keyword_mentioned': 'game', 'message_length': 31}
2025-09-25 19:02:19 | INFO | db_path=WindowsPath('C:/Projects/buzzline-05-vrtachnik/data/buzz.sqlite')
2025-09-25 19:02:19 | INFO | Inserted one message into the database.
2025-09-25 19:02:19 | INFO | Processed message: {'message': 'I just saw game! It was exciting.', 'author': 'Eve', 'timestamp': '2025-09-23 21:00:01', 'category': 'gaming', 'sentiment': 0.74, 'keyword_mentioned': 'game', 'message_length': 33}
2025-09-25 19:02:19 | INFO | Calling SQLite insert_message() with:
2025-09-25 19:02:19 | INFO | message={'message': 'I just saw game! It was exciting.', 'author': 'Eve', 'timestamp': '2025-09-23 21:00:01', 'category': 'gaming', 'sentiment': 0.74, 'keyword_mentioned': 'game', 'message_length': 33}
2025-09-25 19:02:19 | INFO | db_path=WindowsPath('C:/Projects/buzzline-05-vrtachnik/data/buzz.sqlite')
2025-09-25 19:02:19 | INFO | Inserted one message into the database.
2025-09-25 19:02:19 | INFO | Processed message: {'message': 'I just saw a trick! It was boring.', 'author': 'Eve', 'timestamp': '2025-09-23 21:00:06', 'category': 'other', 'sentiment': 0.84, 'keyword_mentioned': 'other', 'message_length': 34}
2025-09-25 19:02:19 | INFO | Calling SQLite insert_message() with:
2025-09-25 19:02:19 | INFO | message={'message': 'I just saw a trick! It was boring.', 'author': 'Eve', 'timestamp': '2025-09-23 21:00:06', 'category': 'other', 'sentiment': 0.84, 'keyword_mentioned': 'other', 'message_length': 34}
2025-09-25 19:02:19 | INFO | db_path=WindowsPath('C:/Projects/buzzline-05-vrtachnik/data/buzz.sqlite')
2025-09-25 19:02:19 | INFO | Inserted one message into the database.
2025-09-25 19:02:19 | INFO | Processed message: {'message': 'I just loved a story! It was amazing.', 'author': 'Eve', 'timestamp': '2025-09-23 21:00:11', 'category': 'other', 'sentiment': 0.98, 'keyword_mentioned': 'other', 'message_length': 37}
2025-09-25 19:02:19 | INFO | Calling SQLite insert_message() with:
2025-09-25 19:02:19 | INFO | message={'message': 'I just loved a story! It was amazing.', 'author': 'Eve', 'timestamp': '2025-09-23 21:00:11', 'category': 'other', 'sentiment': 0.98, 'keyword_mentioned': 'other', 'message_length': 37}
2025-09-25 19:02:19 | INFO | db_path=WindowsPath('C:/Projects/buzzline-05-vrtachnik/data/buzz.sqlite')
2025-09-25 19:02:19 | INFO | Inserted one message into the database.
2025-09-25 19:02:19 | INFO | Processed message: {'message': 'I just shared a meme! It was exciting.', 'author': 'Charlie', 'timestamp': '2025-09-23 21:00:16', 'category': 'humor', 'sentiment': 0.62, 'keyword_mentioned': 'meme', 'message_length': 38}
2025-09-25 19:02:19 | INFO | Calling SQLite insert_message() with:
2025-09-25 19:02:19 | INFO | message={'message': 'I just shared a meme! It was exciting.', 'author': 'Charlie', 'timestamp': '2025-09-23 21:00:16', 'category': 'humor', 'sentiment': 0.62, 'keyword_mentioned': 'meme', 'message_length': 38}
2025-09-25 19:02:19 | INFO | db_path=WindowsPath('C:/Projects/buzzline-05-vrtachnik/data/buzz.sqlite')
2025-09-25 19:02:19 | INFO | Inserted one message into the database.
2025-09-25 19:02:19 | INFO | Processed message: {'message': 'I just found a meme! It was exciting.', 'author': 'Charlie', 'timestamp': '2025-09-23 21:00:21', 'category': 'humor', 'sentiment': 0.41, 'keyword_mentioned': 'meme', 'message_length': 37}
2025-09-25 19:02:19 | INFO | Calling SQLite insert_message() with:
2025-09-25 19:02:19 | INFO | message={'message': 'I just found a meme! It was exciting.', 'author': 'Charlie', 'timestamp': '2025-09-23 21:00:21', 'category': 'humor', 'sentiment': 0.41, 'keyword_mentioned': 'meme', 'message_length': 37}
2025-09-25 19:02:19 | INFO | db_path=WindowsPath('C:/Projects/buzzline-05-vrtachnik/data/buzz.sqlite')
2025-09-25 19:02:19 | INFO | Inserted one message into the database.
2025-09-25 19:02:19 | INFO | Processed message: {'message': 'I just shared game! It was boring.', 'author': 'Bob', 'timestamp': '2025-09-23 21:00:26', 'category': 'gaming', 'sentiment': 0.74, 'keyword_mentioned': 'game', 'message_length': 34}
2025-09-25 19:02:19 | INFO | Calling SQLite insert_message() with:
2025-09-25 19:02:19 | INFO | message={'message': 'I just shared game! It was boring.', 'author': 'Bob', 'timestamp': '2025-09-23 21:00:26', 'category': 'gaming', 'sentiment': 0.74, 'keyword_mentioned': 'game', 'message_length': 34}
2025-09-25 19:02:19 | INFO | db_path=WindowsPath('C:/Projects/buzzline-05-vrtachnik/data/buzz.sqlite')
2025-09-25 19:02:19 | INFO | Inserted one message into the database.
2025-09-25 19:02:19 | INFO | Processed message: {'message': 'I just loved an app! It was boring.', 'author': 'Alice', 'timestamp': '2025-09-23 21:00:31', 'category': 'other', 'sentiment': 0.97, 'keyword_mentioned': 'other', 'message_length': 35}
2025-09-25 19:02:19 | INFO | Calling SQLite insert_message() with:
2025-09-25 19:02:19 | INFO | message={'message': 'I just loved an app! It was boring.', 'author': 'Alice', 'timestamp': '2025-09-23 21:00:31', 'category': 'other', 'sentiment': 0.97, 'keyword_mentioned': 'other', 'message_length': 35}
2025-09-25 19:02:19 | INFO | db_path=WindowsPath('C:/Projects/buzzline-05-vrtachnik/data/buzz.sqlite')
2025-09-25 19:02:19 | INFO | Inserted one message into the database.
2025-09-25 19:02:19 | INFO | Processed message: {'message': 'I just found a meme! It was funny.', 'author': 'Alice', 'timestamp': '2025-09-23 21:00:36', 'category': 'humor', 'sentiment': 0.48, 'keyword_mentioned': 'meme', 'message_length': 34}
2025-09-25 19:02:19 | INFO | Calling SQLite insert_message() with:
2025-09-25 19:02:19 | INFO | message={'message': 'I just found a meme! It was funny.', 'author': 'Alice', 'timestamp': '2025-09-23 21:00:36', 'category': 'humor', 'sentiment': 0.48, 'keyword_mentioned': 'meme', 'message_length': 34}
2025-09-25 19:02:19 | INFO | db_path=WindowsPath('C:/Projects/buzzline-05-vrtachnik/data/buzz.sqlite')
2025-09-25 19:02:19 | INFO | Inserted one message into the database.
2025-09-25 19:02:19 | INFO | Processed message: {'message': 'I just found an app! It was exciting.', 'author': 'Alice', 'timestamp': '2025-09-23 21:00:41', 'category': 'other', 'sentiment': 0.2, 'keyword_mentioned': 'other', 'message_length': 37}
2025-09-25 19:02:19 | INFO | Calling SQLite insert_message() with:
2025-09-25 19:02:19 | INFO | message={'message': 'I just found an app! It was exciting.', 'author': 'Alice', 'timestamp': '2025-09-23 21:00:41', 'category': 'other', 'sentiment': 0.2, 'keyword_mentioned': 'other', 'message_length': 37}
2025-09-25 19:02:19 | INFO | db_path=WindowsPath('C:/Projects/buzzline-05-vrtachnik/data/buzz.sqlite')
2025-09-25 19:02:19 | INFO | Inserted one message into the database.
2025-09-25 19:02:19 | INFO | Processed message: {'message': 'I just saw a trick! It was boring.', 'author': 'Alice', 'timestamp': '2025-09-23 21:00:46', 'category': 'other', 'sentiment': 0.51, 'keyword_mentioned': 'other', 'message_length': 34}
2025-09-25 19:02:19 | INFO | Calling SQLite insert_message() with:
2025-09-25 19:02:19 | INFO | message={'message': 'I just saw a trick! It was boring.', 'author': 'Alice', 'timestamp': '2025-09-23 21:00:46', 'category': 'other', 'sentiment': 0.51, 'keyword_mentioned': 'other', 'message_length': 34}
2025-09-25 19:02:19 | INFO | db_path=WindowsPath('C:/Projects/buzzline-05-vrtachnik/data/buzz.sqlite')
2025-09-25 19:02:19 | INFO | Inserted one message into the database.
2025-09-25 19:02:19 | INFO | Processed message: {'message': 'I just found travel! It was boring.', 'author': 'Eve', 'timestamp': '2025-09-23 21:00:51', 'category': 'travel', 'sentiment': 0.58, 'keyword_mentioned': 'travel', 'message_length': 35}
2025-09-25 19:02:19 | INFO | Calling SQLite insert_message() with:
2025-09-25 19:02:19 | INFO | message={'message': 'I just found travel! It was boring.', 'author': 'Eve', 'timestamp': '2025-09-23 21:00:51', 'category': 'travel', 'sentiment': 0.58, 'keyword_mentioned': 'travel', 'message_length': 35}
2025-09-25 19:02:19 | INFO | db_path=WindowsPath('C:/Projects/buzzline-05-vrtachnik/data/buzz.sqlite')
2025-09-25 19:02:19 | INFO | Inserted one message into the database.
2025-09-25 19:02:19 | INFO | Processed message: {'message': 'I just tried travel! It was exciting.', 'author': 'Eve', 'timestamp': '2025-09-23 21:00:56', 'category': 'travel', 'sentiment': 0.15, 'keyword_mentioned': 'travel', 'message_length': 37}
2025-09-25 19:02:19 | INFO | Calling SQLite insert_message() with:
2025-09-25 19:02:19 | INFO | message={'message': 'I just tried travel! It was exciting.', 'author': 'Eve', 'timestamp': '2025-09-23 21:00:56', 'category': 'travel', 'sentiment': 0.15, 'keyword_mentioned': 'travel', 'message_length': 37}
2025-09-25 19:02:19 | INFO | db_path=WindowsPath('C:/Projects/buzzline-05-vrtachnik/data/buzz.sqlite')
2025-09-25 19:02:19 | INFO | Inserted one message into the database.
2025-09-25 19:02:19 | INFO | Processed message: {'message': 'I just saw an app! It was exciting.', 'author': 'Alice', 'timestamp': '2025-09-23 21:01:01', 'category': 'other', 'sentiment': 0.29, 'keyword_mentioned': 'other', 'message_length': 35}
2025-09-25 19:02:19 | INFO | Calling SQLite insert_message() with:
2025-09-25 19:02:19 | INFO | message={'message': 'I just saw an app! It was exciting.', 'author': 'Alice', 'timestamp': '2025-09-23 21:01:01', 'category': 'other', 'sentiment': 0.29, 'keyword_mentioned': 'other', 'message_length': 35}
2025-09-25 19:02:19 | INFO | db_path=WindowsPath('C:/Projects/buzzline-05-vrtachnik/data/buzz.sqlite')
2025-09-25 19:02:19 | INFO | Inserted one message into the database.
2025-09-25 19:02:19 | INFO | Processed message: {'message': 'I just loved a meme! It was amazing.', 'author': 'Alice', 'timestamp': '2025-09-23 21:01:06', 'category': 'humor', 'sentiment': 0.76, 'keyword_mentioned': 'meme', 'message_length': 36}
2025-09-25 19:02:19 | INFO | Calling SQLite insert_message() with:
2025-09-25 19:02:19 | INFO | message={'message': 'I just loved a meme! It was amazing.', 'author': 'Alice', 'timestamp': '2025-09-23 21:01:06', 'category': 'humor', 'sentiment': 0.76, 'keyword_mentioned': 'meme', 'message_length': 36}
2025-09-25 19:02:19 | INFO | db_path=WindowsPath('C:/Projects/buzzline-05-vrtachnik/data/buzz.sqlite')
2025-09-25 19:02:19 | INFO | Inserted one message into the database.
2025-09-25 19:02:19 | INFO | Processed message: {'message': 'I just shared Python! It was funny.', 'author': 'Bob', 'timestamp': '2025-09-23 21:01:11', 'category': 'tech', 'sentiment': 0.43, 'keyword_mentioned': 'Python', 'message_length': 35}
2025-09-25 19:02:19 | INFO | Calling SQLite insert_message() with:
2025-09-25 19:02:19 | INFO | message={'message': 'I just shared Python! It was funny.', 'author': 'Bob', 'timestamp': '2025-09-23 21:01:11', 'category': 'tech', 'sentiment': 0.43, 'keyword_mentioned': 'Python', 'message_length': 35}
2025-09-25 19:02:19 | INFO | db_path=WindowsPath('C:/Projects/buzzline-05-vrtachnik/data/buzz.sqlite')
2025-09-25 19:02:19 | INFO | Inserted one message into the database.
2025-09-25 19:02:19 | INFO | Processed message: {'message': 'I just shared Python! It was funny.', 'author': 'Charlie', 'timestamp': '2025-09-23 21:01:16', 'category': 'tech', 'sentiment': 0.21, 'keyword_mentioned': 'Python', 'message_length': 35}
2025-09-25 19:02:19 | INFO | Calling SQLite insert_message() with:
2025-09-25 19:02:19 | INFO | message={'message': 'I just shared Python! It was funny.', 'author': 'Charlie', 'timestamp': '2025-09-23 21:01:16', 'category': 'tech', 'sentiment': 0.21, 'keyword_mentioned': 'Python', 'message_length': 35}
2025-09-25 19:02:19 | INFO | db_path=WindowsPath('C:/Projects/buzzline-05-vrtachnik/data/buzz.sqlite')
2025-09-25 19:02:19 | INFO | Inserted one message into the database.
2025-09-25 19:02:19 | INFO | Processed message: {'message': 'I just tried travel! It was amazing.', 'author': 'Alice', 'timestamp': '2025-09-23 21:01:21', 'category': 'travel', 'sentiment': 0.68, 'keyword_mentioned': 'travel', 'message_length': 36}
2025-09-25 19:02:19 | INFO | Calling SQLite insert_message() with:
2025-09-25 19:02:19 | INFO | message={'message': 'I just tried travel! It was amazing.', 'author': 'Alice', 'timestamp': '2025-09-23 21:01:21', 'category': 'travel', 'sentiment': 0.68, 'keyword_mentioned': 'travel', 'message_length': 36}
2025-09-25 19:02:19 | INFO | db_path=WindowsPath('C:/Projects/buzzline-05-vrtachnik/data/buzz.sqlite')
2025-09-25 19:02:19 | INFO | Inserted one message into the database.
2025-09-25 19:02:19 | INFO | Processed message: {'message': 'I just found a movie! It was exciting.', 'author': 'Bob', 'timestamp': '2025-09-23 21:01:26', 'category': 'entertainment', 'sentiment': 0.12, 'keyword_mentioned': 'movie', 'message_length': 38}
2025-09-25 19:02:19 | INFO | Calling SQLite insert_message() with:
2025-09-25 19:02:19 | INFO | message={'message': 'I just found a movie! It was exciting.', 'author': 'Bob', 'timestamp': '2025-09-23 21:01:26', 'category': 'entertainment', 'sentiment': 0.12, 'keyword_mentioned': 'movie', 'message_length': 38}
2025-09-25 19:02:19 | INFO | db_path=WindowsPath('C:/Projects/buzzline-05-vrtachnik/data/buzz.sqlite')
2025-09-25 19:02:19 | INFO | Inserted one message into the database.
2025-09-25 19:02:19 | INFO | Processed message: {'message': 'I just loved a story! It was amazing.', 'author': 'Eve', 'timestamp': '2025-09-23 21:01:31', 'category': 'other', 'sentiment': 0.83, 'keyword_mentioned': 'other', 'message_length': 37}
2025-09-25 19:02:19 | INFO | Calling SQLite insert_message() with:
2025-09-25 19:02:19 | INFO | message={'message': 'I just loved a story! It was amazing.', 'author': 'Eve', 'timestamp': '2025-09-23 21:01:31', 'category': 'other', 'sentiment': 0.83, 'keyword_mentioned': 'other', 'message_length': 37}
2025-09-25 19:02:19 | INFO | db_path=WindowsPath('C:/Projects/buzzline-05-vrtachnik/data/buzz.sqlite')
2025-09-25 19:02:19 | INFO | Inserted one message into the database.
2025-09-25 19:02:19 | INFO | Processed message: {'message': 'I just found a trick! It was weird.', 'author': 'Charlie', 'timestamp': '2025-09-23 21:01:36', 'category': 'other', 'sentiment': 0.03, 'keyword_mentioned': 'other', 'message_length': 35}
2025-09-25 19:02:19 | INFO | Calling SQLite insert_message() with:
2025-09-25 19:02:19 | INFO | message={'message': 'I just found a trick! It was weird.', 'author': 'Charlie', 'timestamp': '2025-09-23 21:01:36', 'category': 'other', 'sentiment': 0.03, 'keyword_mentioned': 'other', 'message_length': 35}
2025-09-25 19:02:19 | INFO | db_path=WindowsPath('C:/Projects/buzzline-05-vrtachnik/data/buzz.sqlite')
2025-09-25 19:02:19 | INFO | Inserted one message into the database.
2025-09-25 19:02:19 | INFO | Processed message: {'message': 'I just tried JavaScript! It was amazing.', 'author': 'Alice', 'timestamp': '2025-09-23 21:01:41', 'category': 'tech', 'sentiment': 0.65, 'keyword_mentioned': 'JavaScript', 'message_length': 40}
2025-09-25 19:02:19 | INFO | Calling SQLite insert_message() with:
2025-09-25 19:02:19 | INFO | message={'message': 'I just tried JavaScript! It was amazing.', 'author': 'Alice', 'timestamp': '2025-09-23 21:01:41', 'category': 'tech', 'sentiment': 0.65, 'keyword_mentioned': 'JavaScript', 'message_length': 40}
2025-09-25 19:02:19 | INFO | db_path=WindowsPath('C:/Projects/buzzline-05-vrtachnik/data/buzz.sqlite')
2025-09-25 19:02:19 | INFO | Inserted one message into the database.
2025-09-25 19:02:19 | INFO | Processed message: {'message': 'I just tried a movie! It was exciting.', 'author': 'Alice', 'timestamp': '2025-09-23 21:01:46', 'category': 'entertainment', 'sentiment': 0.24, 'keyword_mentioned': 'movie', 'message_length': 38}
2025-09-25 19:02:19 | INFO | Calling SQLite insert_message() with:
2025-09-25 19:02:19 | INFO | message={'message': 'I just tried a movie! It was exciting.', 'author': 'Alice', 'timestamp': '2025-09-23 21:01:46', 'category': 'entertainment', 'sentiment': 0.24, 'keyword_mentioned': 'movie', 'message_length': 38}
2025-09-25 19:02:19 | INFO | db_path=WindowsPath('C:/Projects/buzzline-05-vrtachnik/data/buzz.sqlite')
2025-09-25 19:02:19 | INFO | Inserted one message into the database.
2025-09-25 19:02:19 | INFO | Processed message: {'message': 'I just shared an app! It was amazing.', 'author': 'Charlie', 'timestamp': '2025-09-23 21:01:51', 'category': 'other', 'sentiment': 0.02, 'keyword_mentioned': 'other', 'message_length': 37}
2025-09-25 19:02:19 | INFO | Calling SQLite insert_message() with:
2025-09-25 19:02:19 | INFO | message={'message': 'I just shared an app! It was amazing.', 'author': 'Charlie', 'timestamp': '2025-09-23 21:01:51', 'category': 'other', 'sentiment': 0.02, 'keyword_mentioned': 'other', 'message_length': 37}
2025-09-25 19:02:19 | INFO | db_path=WindowsPath('C:/Projects/buzzline-05-vrtachnik/data/buzz.sqlite')
2025-09-25 19:02:19 | INFO | Inserted one message into the database.
2025-09-25 19:02:19 | INFO | Processed message: {'message': 'I just tried an app! It was weird.', 'author': 'Bob', 'timestamp': '2025-09-23 21:01:56', 'category': 'other', 'sentiment': 1.0, 'keyword_mentioned': 'other', 'message_length': 34}
2025-09-25 19:02:19 | INFO | Calling SQLite insert_message() with:
2025-09-25 19:02:19 | INFO | message={'message': 'I just tried an app! It was weird.', 'author': 'Bob', 'timestamp': '2025-09-23 21:01:56', 'category': 'other', 'sentiment': 1.0, 'keyword_mentioned': 'other', 'message_length': 34}
2025-09-25 19:02:19 | INFO | db_path=WindowsPath('C:/Projects/buzzline-05-vrtachnik/data/buzz.sqlite')
2025-09-25 19:02:19 | INFO | Inserted one message into the database.
2025-09-25 19:02:19 | INFO | Processed message: {'message': 'I just saw travel! It was funny.', 'author': 'Alice', 'timestamp': '2025-09-23 21:02:01', 'category': 'travel', 'sentiment': 0.87, 'keyword_mentioned': 'travel', 'message_length': 32}
2025-09-25 19:02:19 | INFO | Calling SQLite insert_message() with:
2025-09-25 19:02:19 | INFO | message={'message': 'I just saw travel! It was funny.', 'author': 'Alice', 'timestamp': '2025-09-23 21:02:01', 'category': 'travel', 'sentiment': 0.87, 'keyword_mentioned': 'travel', 'message_length': 32}
2025-09-25 19:02:19 | INFO | db_path=WindowsPath('C:/Projects/buzzline-05-vrtachnik/data/buzz.sqlite')
2025-09-25 19:02:19 | INFO | Inserted one message into the database.
2025-09-25 19:02:19 | INFO | Processed message: {'message': 'I just found a meme! It was boring.', 'author': 'Charlie', 'timestamp': '2025-09-23 21:02:06', 'category': 'humor', 'sentiment': 0.19, 'keyword_mentioned': 'meme', 'message_length': 35}
2025-09-25 19:02:19 | INFO | Calling SQLite insert_message() with:
2025-09-25 19:02:19 | INFO | message={'message': 'I just found a meme! It was boring.', 'author': 'Charlie', 'timestamp': '2025-09-23 21:02:06', 'category': 'humor', 'sentiment': 0.19, 'keyword_mentioned': 'meme', 'message_length': 35}
2025-09-25 19:02:19 | INFO | db_path=WindowsPath('C:/Projects/buzzline-05-vrtachnik/data/buzz.sqlite')
2025-09-25 19:02:19 | INFO | Inserted one message into the database.
2025-09-25 19:02:19 | INFO | Processed message: {'message': 'I just tried a meme! It was amazing.', 'author': 'Eve', 'timestamp': '2025-09-23 21:02:11', 'category': 'humor', 'sentiment': 0.94, 'keyword_mentioned': 'meme', 'message_length': 36}
2025-09-25 19:02:19 | INFO | Calling SQLite insert_message() with:
2025-09-25 19:02:19 | INFO | message={'message': 'I just tried a meme! It was amazing.', 'author': 'Eve', 'timestamp': '2025-09-23 21:02:11', 'category': 'humor', 'sentiment': 0.94, 'keyword_mentioned': 'meme', 'message_length': 36}
2025-09-25 19:02:19 | INFO | db_path=WindowsPath('C:/Projects/buzzline-05-vrtachnik/data/buzz.sqlite')
2025-09-25 19:02:19 | INFO | Inserted one message into the database.
2025-09-25 19:02:19 | INFO | Processed message: {'message': 'I just shared a meme! It was exciting.', 'author': 'Eve', 'timestamp': '2025-09-23 21:02:16', 'category': 'humor', 'sentiment': 0.84, 'keyword_mentioned': 'meme', 'message_length': 38}
2025-09-25 19:02:19 | INFO | Calling SQLite insert_message() with:
2025-09-25 19:02:19 | INFO | message={'message': 'I just shared a meme! It was exciting.', 'author': 'Eve', 'timestamp': '2025-09-23 21:02:16', 'category': 'humor', 'sentiment': 0.84, 'keyword_mentioned': 'meme', 'message_length': 38}
2025-09-25 19:02:19 | INFO | db_path=WindowsPath('C:/Projects/buzzline-05-vrtachnik/data/buzz.sqlite')
2025-09-25 19:02:19 | INFO | Inserted one message into the database.
2025-09-25 19:02:19 | INFO | Processed message: {'message': 'I just found a story! It was amazing.', 'author': 'Alice', 'timestamp': '2025-09-23 21:02:21', 'category': 'other', 'sentiment': 0.65, 'keyword_mentioned': 'other', 'message_length': 37}
2025-09-25 19:02:19 | INFO | Calling SQLite insert_message() with:
2025-09-25 19:02:19 | INFO | message={'message': 'I just found a story! It was amazing.', 'author': 'Alice', 'timestamp': '2025-09-23 21:02:21', 'category': 'other', 'sentiment': 0.65, 'keyword_mentioned': 'other', 'message_length': 37}
2025-09-25 19:02:19 | INFO | db_path=WindowsPath('C:/Projects/buzzline-05-vrtachnik/data/buzz.sqlite')
2025-09-25 19:02:19 | INFO | Inserted one message into the database.
2025-09-25 19:02:19 | INFO | Processed message: {'message': 'I just loved a meme! It was exciting.', 'author': 'Eve', 'timestamp': '2025-09-23 21:02:26', 'category': 'humor', 'sentiment': 0.46, 'keyword_mentioned': 'meme', 'message_length': 37}
2025-09-25 19:02:19 | INFO | Calling SQLite insert_message() with:
2025-09-25 19:02:19 | INFO | message={'message': 'I just loved a meme! It was exciting.', 'author': 'Eve', 'timestamp': '2025-09-23 21:02:26', 'category': 'humor', 'sentiment': 0.46, 'keyword_mentioned': 'meme', 'message_length': 37}
2025-09-25 19:02:19 | INFO | db_path=WindowsPath('C:/Projects/buzzline-05-vrtachnik/data/buzz.sqlite')
2025-09-25 19:02:19 | INFO | Inserted one message into the database.
2025-09-25 19:02:19 | INFO | Processed message: {'message': 'I just loved game! It was weird.', 'author': 'Eve', 'timestamp': '2025-09-23 21:02:31', 'category': 'gaming', 'sentiment': 0.87, 'keyword_mentioned': 'game', 'message_length': 32}
2025-09-25 19:02:19 | INFO | Calling SQLite insert_message() with:
2025-09-25 19:02:19 | INFO | message={'message': 'I just loved game! It was weird.', 'author': 'Eve', 'timestamp': '2025-09-23 21:02:31', 'category': 'gaming', 'sentiment': 0.87, 'keyword_mentioned': 'game', 'message_length': 32}
2025-09-25 19:02:19 | INFO | db_path=WindowsPath('C:/Projects/buzzline-05-vrtachnik/data/buzz.sqlite')
2025-09-25 19:02:19 | INFO | Inserted one message into the database.
2025-09-25 19:02:19 | INFO | Processed message: {'message': 'I just loved recipe! It was exciting.', 'author': 'Alice', 'timestamp': '2025-09-23 21:02:36', 'category': 'food', 'sentiment': 0.05, 'keyword_mentioned': 'recipe', 'message_length': 37}
2025-09-25 19:02:19 | INFO | Calling SQLite insert_message() with:
2025-09-25 19:02:19 | INFO | message={'message': 'I just loved recipe! It was exciting.', 'author': 'Alice', 'timestamp': '2025-09-23 21:02:36', 'category': 'food', 'sentiment': 0.05, 'keyword_mentioned': 'recipe', 'message_length': 37}
2025-09-25 19:02:19 | INFO | db_path=WindowsPath('C:/Projects/buzzline-05-vrtachnik/data/buzz.sqlite')
2025-09-25 19:02:19 | INFO | Inserted one message into the database.
2025-09-25 19:02:19 | INFO | Processed message: {'message': 'I just tried travel! It was funny.', 'author': 'Eve', 'timestamp': '2025-09-23 21:02:41', 'category': 'travel', 'sentiment': 0.95, 'keyword_mentioned': 'travel', 'message_length': 34}
2025-09-25 19:02:19 | INFO | Calling SQLite insert_message() with:
2025-09-25 19:02:19 | INFO | message={'message': 'I just tried travel! It was funny.', 'author': 'Eve', 'timestamp': '2025-09-23 21:02:41', 'category': 'travel', 'sentiment': 0.95, 'keyword_mentioned': 'travel', 'message_length': 34}
2025-09-25 19:02:19 | INFO | db_path=WindowsPath('C:/Projects/buzzline-05-vrtachnik/data/buzz.sqlite')
2025-09-25 19:02:19 | INFO | Inserted one message into the database.
2025-09-25 19:02:19 | INFO | Processed message: {'message': 'I just loved a meme! It was amazing.', 'author': 'Charlie', 'timestamp': '2025-09-23 21:02:46', 'category': 'humor', 'sentiment': 0.45, 'keyword_mentioned': 'meme', 'message_length': 36}
2025-09-25 19:02:19 | INFO | Calling SQLite insert_message() with:
2025-09-25 19:02:19 | INFO | message={'message': 'I just loved a meme! It was amazing.', 'author': 'Charlie', 'timestamp': '2025-09-23 21:02:46', 'category': 'humor', 'sentiment': 0.45, 'keyword_mentioned': 'meme', 'message_length': 36}
2025-09-25 19:02:19 | INFO | db_path=WindowsPath('C:/Projects/buzzline-05-vrtachnik/data/buzz.sqlite')
2025-09-25 19:02:19 | INFO | Inserted one message into the database.
2025-09-25 19:02:19 | INFO | Processed message: {'message': 'I just loved a trick! It was amazing.', 'author': 'Bob', 'timestamp': '2025-09-23 21:02:51', 'category': 'other', 'sentiment': 0.12, 'keyword_mentioned': 'other', 'message_length': 37}
2025-09-25 19:02:19 | INFO | Calling SQLite insert_message() with:
2025-09-25 19:02:19 | INFO | message={'message': 'I just loved a trick! It was amazing.', 'author': 'Bob', 'timestamp': '2025-09-23 21:02:51', 'category': 'other', 'sentiment': 0.12, 'keyword_mentioned': 'other', 'message_length': 37}
2025-09-25 19:02:19 | INFO | db_path=WindowsPath('C:/Projects/buzzline-05-vrtachnik/data/buzz.sqlite')
2025-09-25 19:02:19 | INFO | Inserted one message into the database.
2025-09-25 19:02:19 | INFO | Processed message: {'message': 'I just shared a meme! It was boring.', 'author': 'Alice', 'timestamp': '2025-09-23 21:02:56', 'category': 'humor', 'sentiment': 0.06, 'keyword_mentioned': 'meme', 'message_length': 36}
2025-09-25 19:02:19 | INFO | Calling SQLite insert_message() with:
2025-09-25 19:02:19 | INFO | message={'message': 'I just shared a meme! It was boring.', 'author': 'Alice', 'timestamp': '2025-09-23 21:02:56', 'category': 'humor', 'sentiment': 0.06, 'keyword_mentioned': 'meme', 'message_length': 36}
2025-09-25 19:02:19 | INFO | db_path=WindowsPath('C:/Projects/buzzline-05-vrtachnik/data/buzz.sqlite')
2025-09-25 19:02:19 | INFO | Inserted one message into the database.
2025-09-25 19:02:19 | INFO | Processed message: {'message': 'I just saw an app! It was amazing.', 'author': 'Alice', 'timestamp': '2025-09-23 21:03:01', 'category': 'other', 'sentiment': 0.49, 'keyword_mentioned': 'other', 'message_length': 34}
2025-09-25 19:02:19 | INFO | Calling SQLite insert_message() with:
2025-09-25 19:02:19 | INFO | message={'message': 'I just saw an app! It was amazing.', 'author': 'Alice', 'timestamp': '2025-09-23 21:03:01', 'category': 'other', 'sentiment': 0.49, 'keyword_mentioned': 'other', 'message_length': 34}
2025-09-25 19:02:19 | INFO | db_path=WindowsPath('C:/Projects/buzzline-05-vrtachnik/data/buzz.sqlite')
2025-09-25 19:02:19 | INFO | Inserted one message into the database.
2025-09-25 19:02:19 | INFO | Processed message: {'message': 'I just saw a meme! It was boring.', 'author': 'Alice', 'timestamp': '2025-09-23 21:03:06', 'category': 'humor', 'sentiment': 0.9, 'keyword_mentioned': 'meme', 'message_length': 33}
2025-09-25 19:02:19 | INFO | Calling SQLite insert_message() with:
2025-09-25 19:02:19 | INFO | message={'message': 'I just saw a meme! It was boring.', 'author': 'Alice', 'timestamp': '2025-09-23 21:03:06', 'category': 'humor', 'sentiment': 0.9, 'keyword_mentioned': 'meme', 'message_length': 33}
2025-09-25 19:02:19 | INFO | db_path=WindowsPath('C:/Projects/buzzline-05-vrtachnik/data/buzz.sqlite')
2025-09-25 19:02:19 | INFO | Inserted one message into the database.
2025-09-25 19:02:19 | INFO | Processed message: {'message': 'I just loved a trick! It was amazing.', 'author': 'Charlie', 'timestamp': '2025-09-23 21:03:11', 'category': 'other', 'sentiment': 0.42, 'keyword_mentioned': 'other', 'message_length': 37}
2025-09-25 19:02:19 | INFO | Calling SQLite insert_message() with:
2025-09-25 19:02:19 | INFO | message={'message': 'I just loved a trick! It was amazing.', 'author': 'Charlie', 'timestamp': '2025-09-23 21:03:11', 'category': 'other', 'sentiment': 0.42, 'keyword_mentioned': 'other', 'message_length': 37}
2025-09-25 19:02:19 | INFO | db_path=WindowsPath('C:/Projects/buzzline-05-vrtachnik/data/buzz.sqlite')
2025-09-25 19:02:19 | INFO | Inserted one message into the database.
2025-09-25 19:02:19 | INFO | Processed message: {'message': 'I just found a trick! It was amazing.', 'author': 'Bob', 'timestamp': '2025-09-23 21:03:16', 'category': 'other', 'sentiment': 0.4, 'keyword_mentioned': 'other', 'message_length': 37}
2025-09-25 19:02:19 | INFO | Calling SQLite insert_message() with:
2025-09-25 19:02:19 | INFO | message={'message': 'I just found a trick! It was amazing.', 'author': 'Bob', 'timestamp': '2025-09-23 21:03:16', 'category': 'other', 'sentiment': 0.4, 'keyword_mentioned': 'other', 'message_length': 37}
2025-09-25 19:02:19 | INFO | db_path=WindowsPath('C:/Projects/buzzline-05-vrtachnik/data/buzz.sqlite')
2025-09-25 19:02:19 | INFO | Inserted one message into the database.
2025-09-25 19:02:19 | INFO | Processed message: {'message': 'I just tried a movie! It was funny.', 'author': 'Eve', 'timestamp': '2025-09-23 21:03:21', 'category': 'entertainment', 'sentiment': 0.77, 'keyword_mentioned': 'movie', 'message_length': 35}
2025-09-25 19:02:19 | INFO | Calling SQLite insert_message() with:
2025-09-25 19:02:19 | INFO | message={'message': 'I just tried a movie! It was funny.', 'author': 'Eve', 'timestamp': '2025-09-23 21:03:21', 'category': 'entertainment', 'sentiment': 0.77, 'keyword_mentioned': 'movie', 'message_length': 35}
2025-09-25 19:02:19 | INFO | db_path=WindowsPath('C:/Projects/buzzline-05-vrtachnik/data/buzz.sqlite')
2025-09-25 19:02:19 | INFO | Inserted one message into the database.
2025-09-25 19:02:19 | INFO | Processed message: {'message': 'I just shared Python! It was weird.', 'author': 'Bob', 'timestamp': '2025-09-23 21:03:26', 'category': 'tech', 'sentiment': 0.02, 'keyword_mentioned': 'Python', 'message_length': 35}
2025-09-25 19:02:19 | INFO | Calling SQLite insert_message() with:
2025-09-25 19:02:19 | INFO | message={'message': 'I just shared Python! It was weird.', 'author': 'Bob', 'timestamp': '2025-09-23 21:03:26', 'category': 'tech', 'sentiment': 0.02, 'keyword_mentioned': 'Python', 'message_length': 35}
2025-09-25 19:02:19 | INFO | db_path=WindowsPath('C:/Projects/buzzline-05-vrtachnik/data/buzz.sqlite')
2025-09-25 19:02:19 | INFO | Inserted one message into the database.
2025-09-25 19:02:19 | INFO | Processed message: {'message': 'I just shared JavaScript! It was weird.', 'author': 'Alice', 'timestamp': '2025-09-23 21:03:31', 'category': 'tech', 'sentiment': 0.71, 'keyword_mentioned': 'JavaScript', 'message_length': 39}
2025-09-25 19:02:19 | INFO | Calling SQLite insert_message() with:
2025-09-25 19:02:19 | INFO | message={'message': 'I just shared JavaScript! It was weird.', 'author': 'Alice', 'timestamp': '2025-09-23 21:03:31', 'category': 'tech', 'sentiment': 0.71, 'keyword_mentioned': 'JavaScript', 'message_length': 39}
2025-09-25 19:02:19 | INFO | db_path=WindowsPath('C:/Projects/buzzline-05-vrtachnik/data/buzz.sqlite')
2025-09-25 19:02:19 | INFO | Inserted one message into the database.
2025-09-25 19:02:19 | INFO | Processed message: {'message': 'I just saw Python! It was funny.', 'author': 'Charlie', 'timestamp': '2025-09-23 21:03:36', 'category': 'tech', 'sentiment': 0.16, 'keyword_mentioned': 'Python', 'message_length': 32}
2025-09-25 19:02:19 | INFO | Calling SQLite insert_message() with:
2025-09-25 19:02:19 | INFO | message={'message': 'I just saw Python! It was funny.', 'author': 'Charlie', 'timestamp': '2025-09-23 21:03:36', 'category': 'tech', 'sentiment': 0.16, 'keyword_mentioned': 'Python', 'message_length': 32}
2025-09-25 19:02:19 | INFO | db_path=WindowsPath('C:/Projects/buzzline-05-vrtachnik/data/buzz.sqlite')
2025-09-25 19:02:19 | INFO | Inserted one message into the database.
2025-09-25 19:02:19 | INFO | Processed message: {'message': 'I just loved a meme! It was exciting.', 'author': 'Charlie', 'timestamp': '2025-09-23 21:03:41', 'category': 'humor', 'sentiment': 0.93, 'keyword_mentioned': 'meme', 'message_length': 37}
2025-09-25 19:02:19 | INFO | Calling SQLite insert_message() with:
2025-09-25 19:02:19 | INFO | message={'message': 'I just loved a meme! It was exciting.', 'author': 'Charlie', 'timestamp': '2025-09-23 21:03:41', 'category': 'humor', 'sentiment': 0.93, 'keyword_mentioned': 'meme', 'message_length': 37}
2025-09-25 19:02:19 | INFO | db_path=WindowsPath('C:/Projects/buzzline-05-vrtachnik/data/buzz.sqlite')
2025-09-25 19:02:19 | INFO | Inserted one message into the database.
2025-09-25 19:02:19 | INFO | Processed message: {'message': 'I just found a meme! It was boring.', 'author': 'Eve', 'timestamp': '2025-09-23 21:03:46', 'category': 'humor', 'sentiment': 0.64, 'keyword_mentioned': 'meme', 'message_length': 35}
2025-09-25 19:02:19 | INFO | Calling SQLite insert_message() with:
2025-09-25 19:02:19 | INFO | message={'message': 'I just found a meme! It was boring.', 'author': 'Eve', 'timestamp': '2025-09-23 21:03:46', 'category': 'humor', 'sentiment': 0.64, 'keyword_mentioned': 'meme', 'message_length': 35}
2025-09-25 19:02:19 | INFO | db_path=WindowsPath('C:/Projects/buzzline-05-vrtachnik/data/buzz.sqlite')
2025-09-25 19:02:19 | INFO | Inserted one message into the database.
2025-09-25 19:02:19 | INFO | Processed message: {'message': 'I just shared JavaScript! It was amazing.', 'author': 'Bob', 'timestamp': '2025-09-23 21:03:51', 'category': 'tech', 'sentiment': 0.76, 'keyword_mentioned': 'JavaScript', 'message_length': 41}
2025-09-25 19:02:19 | INFO | Calling SQLite insert_message() with:
2025-09-25 19:02:19 | INFO | message={'message': 'I just shared JavaScript! It was amazing.', 'author': 'Bob', 'timestamp': '2025-09-23 21:03:51', 'category': 'tech', 'sentiment': 0.76, 'keyword_mentioned': 'JavaScript', 'message_length': 41}
2025-09-25 19:02:19 | INFO | db_path=WindowsPath('C:/Projects/buzzline-05-vrtachnik/data/buzz.sqlite')
2025-09-25 19:02:19 | INFO | Inserted one message into the database.
2025-09-25 19:02:19 | INFO | Processed message: {'message': 'I just shared recipe! It was amazing.', 'author': 'Bob', 'timestamp': '2025-09-23 21:03:56', 'category': 'food', 'sentiment': 0.95, 'keyword_mentioned': 'recipe', 'message_length': 37}
2025-09-25 19:02:19 | INFO | Calling SQLite insert_message() with:
2025-09-25 19:02:19 | INFO | message={'message': 'I just shared recipe! It was amazing.', 'author': 'Bob', 'timestamp': '2025-09-23 21:03:56', 'category': 'food', 'sentiment': 0.95, 'keyword_mentioned': 'recipe', 'message_length': 37}
2025-09-25 19:02:19 | INFO | db_path=WindowsPath('C:/Projects/buzzline-05-vrtachnik/data/buzz.sqlite')
2025-09-25 19:02:19 | INFO | Inserted one message into the database.
2025-09-25 19:02:19 | INFO | Processed message: {'message': 'I just tried recipe! It was boring.', 'author': 'Charlie', 'timestamp': '2025-09-23 21:04:01', 'category': 'food', 'sentiment': 0.94, 'keyword_mentioned': 'recipe', 'message_length': 35}
2025-09-25 19:02:19 | INFO | Calling SQLite insert_message() with:
2025-09-25 19:02:19 | INFO | message={'message': 'I just tried recipe! It was boring.', 'author': 'Charlie', 'timestamp': '2025-09-23 21:04:01', 'category': 'food', 'sentiment': 0.94, 'keyword_mentioned': 'recipe', 'message_length': 35}
2025-09-25 19:02:19 | INFO | db_path=WindowsPath('C:/Projects/buzzline-05-vrtachnik/data/buzz.sqlite')
2025-09-25 19:02:19 | INFO | Inserted one message into the database.
2025-09-25 19:02:19 | INFO | Processed message: {'message': 'I just saw Python! It was exciting.', 'author': 'Eve', 'timestamp': '2025-09-23 21:04:06', 'category': 'tech', 'sentiment': 0.3, 'keyword_mentioned': 'Python', 'message_length': 35}
2025-09-25 19:02:19 | INFO | Calling SQLite insert_message() with:
2025-09-25 19:02:19 | INFO | message={'message': 'I just saw Python! It was exciting.', 'author': 'Eve', 'timestamp': '2025-09-23 21:04:06', 'category': 'tech', 'sentiment': 0.3, 'keyword_mentioned': 'Python', 'message_length': 35}
2025-09-25 19:02:19 | INFO | db_path=WindowsPath('C:/Projects/buzzline-05-vrtachnik/data/buzz.sqlite')
2025-09-25 19:02:19 | INFO | Inserted one message into the database.
2025-09-25 19:02:19 | INFO | Processed message: {'message': 'I just tried JavaScript! It was boring.', 'author': 'Alice', 'timestamp': '2025-09-23 21:04:11', 'category': 'tech', 'sentiment': 0.39, 'keyword_mentioned': 'JavaScript', 'message_length': 39}
2025-09-25 19:02:19 | INFO | Calling SQLite insert_message() with:
2025-09-25 19:02:19 | INFO | message={'message': 'I just tried JavaScript! It was boring.', 'author': 'Alice', 'timestamp': '2025-09-23 21:04:11', 'category': 'tech', 'sentiment': 0.39, 'keyword_mentioned': 'JavaScript', 'message_length': 39}
2025-09-25 19:02:19 | INFO | db_path=WindowsPath('C:/Projects/buzzline-05-vrtachnik/data/buzz.sqlite')
2025-09-25 19:02:19 | INFO | Inserted one message into the database.
2025-09-25 19:02:19 | INFO | Processed message: {'message': 'I just found a movie! It was boring.', 'author': 'Eve', 'timestamp': '2025-09-23 21:04:16', 'category': 'entertainment', 'sentiment': 0.3, 'keyword_mentioned': 'movie', 'message_length': 36}
2025-09-25 19:02:19 | INFO | Calling SQLite insert_message() with:
2025-09-25 19:02:19 | INFO | message={'message': 'I just found a movie! It was boring.', 'author': 'Eve', 'timestamp': '2025-09-23 21:04:16', 'category': 'entertainment', 'sentiment': 0.3, 'keyword_mentioned': 'movie', 'message_length': 36}
2025-09-25 19:02:19 | INFO | db_path=WindowsPath('C:/Projects/buzzline-05-vrtachnik/data/buzz.sqlite')
2025-09-25 19:02:19 | INFO | Inserted one message into the database.
2025-09-25 19:02:19 | INFO | Processed message: {'message': 'I just tried a meme! It was weird.', 'author': 'Eve', 'timestamp': '2025-09-23 21:04:21', 'category': 'humor', 'sentiment': 0.41, 'keyword_mentioned': 'meme', 'message_length': 34}
2025-09-25 19:02:19 | INFO | Calling SQLite insert_message() with:
