2025-09-23 20:35:30 | INFO | {'message': 'I just tried JavaScript! It was weird.', 'author': 'Charlie', 'timestamp': '2025-09-23 20:35:30', 'category': 'tech', 'sentiment': 0.64, 'keyword_mentioned': 'JavaScript', 'message_length': 38}
2025-09-23 20:35:35 | INFO | {'message': 'I just tried Python! It was funny.', 'author': 'Eve', 'timestamp': '2025-09-23 20:35:35', 'category': 'tech', 'sentiment': 0.35, 'keyword_mentioned': 'Python', 'message_length': 34}
2025-09-23 20:35:40 | INFO | {'message': 'I just loved a trick! It was amazing.', 'author': 'Eve', 'timestamp': '2025-09-23 20:35:40', 'category': 'other', 'sentiment': 0.36, 'keyword_mentioned': 'other', 'message_length': 37}
2025-09-23 20:35:45 | INFO | {'message': 'I just loved Python! It was funny.', 'author': 'Bob', 'timestamp': '2025-09-23 20:35:45', 'category': 'tech', 'sentiment': 0.62, 'keyword_mentioned': 'Python', 'message_length': 34}
2025-09-23 20:35:50 | INFO | {'message': 'I just saw JavaScript! It was exciting.', 'author': 'Eve', 'timestamp': '2025-09-23 20:35:50', 'category': 'tech', 'sentiment': 0.41, 'keyword_mentioned': 'JavaScript', 'message_length': 39}
2025-09-23 20:35:55 | INFO | {'message': 'I just shared JavaScript! It was amazing.', 'author': 'Alice', 'timestamp': '2025-09-23 20:35:55', 'category': 'tech', 'sentiment': 0.47, 'keyword_mentioned': 'JavaScript', 'message_length': 41}
2025-09-23 20:36:00 | INFO | {'message': 'I just found JavaScript! It was funny.', 'author': 'Eve', 'timestamp': '2025-09-23 20:36:00', 'category': 'tech', 'sentiment': 0.62, 'keyword_mentioned': 'JavaScript', 'message_length': 38}
2025-09-23 20:36:01 | WARNING | Producer interrupted by user.
2025-09-23 20:36:01 | INFO | Producer shutting down.
2025-09-23 20:36:36 | INFO | Logging to file: logs/project_log.log
2025-09-23 20:36:36 | INFO | Log sanitization enabled, personal info removed
2025-09-23 20:36:36 | INFO | Starting Producer to run continuously.
2025-09-23 20:36:36 | INFO | Use Ctrl+C to stop.
2025-09-23 20:36:36 | INFO | MESSAGE_INTERVAL_SECONDS: 5
2025-09-23 20:36:36 | INFO | BUZZ_TOPIC: buzzline
2025-09-23 20:36:36 | INFO | KAFKA_BROKER_ADDRESS: 127.0.0.1:9092
2025-09-23 20:36:36 | INFO | BASE_DATA_DIR: PROJECT_ROOT/data
2025-09-23 20:36:36 | INFO | LIVE_DATA_PATH: PROJECT_ROOT/data/project_live.json
2025-09-23 20:36:36 | INFO | BASE_DATA_DIR: PROJECT_ROOT/data
2025-09-23 20:36:36 | INFO | SQLITE_PATH: PROJECT_ROOT/data/buzz.sqlite
2025-09-23 20:36:36 | INFO | Deleted existing live data file.
2025-09-23 20:36:36 | INFO | Kafka broker address: localhost:9092
2025-09-23 20:36:37 | INFO | Kafka is ready. Brokers: {'throttle_time_ms': 0, 'brokers': [{'node_id': 1, 'host': 'localhost', 'port': 9092, 'rack': None}], 'cluster_id': '_qad_MQZRtmfrbOLzRMSMg', 'controller_id': 1}
2025-09-23 20:36:39 | WARNING | WARNING: Kafka setup failed: NoBrokersAvailable
2025-09-23 20:36:39 | INFO | {'message': 'I just tried a story! It was boring.', 'author': 'Eve', 'timestamp': '2025-09-23 20:36:39', 'category': 'other', 'sentiment': 0.98, 'keyword_mentioned': 'other', 'message_length': 36}
2025-09-23 20:36:44 | INFO | {'message': 'I just loved game! It was exciting.', 'author': 'Eve', 'timestamp': '2025-09-23 20:36:44', 'category': 'gaming', 'sentiment': 0.37, 'keyword_mentioned': 'game', 'message_length': 35}
2025-09-23 20:36:48 | INFO | Logging to file: logs/project_log.log
2025-09-23 20:36:48 | INFO | Log sanitization enabled, personal info removed
2025-09-23 20:36:49 | INFO | {'message': 'I just found game! It was amazing.', 'author': 'Alice', 'timestamp': '2025-09-23 20:36:49', 'category': 'gaming', 'sentiment': 0.57, 'keyword_mentioned': 'game', 'message_length': 34}
2025-09-23 20:36:54 | INFO | {'message': 'I just found a story! It was boring.', 'author': 'Alice', 'timestamp': '2025-09-23 20:36:54', 'category': 'other', 'sentiment': 0.47, 'keyword_mentioned': 'other', 'message_length': 36}
2025-09-23 20:36:59 | INFO | {'message': 'I just found JavaScript! It was funny.', 'author': 'Eve', 'timestamp': '2025-09-23 20:36:59', 'category': 'tech', 'sentiment': 0.62, 'keyword_mentioned': 'JavaScript', 'message_length': 38}
2025-09-23 20:36:59 | INFO | Logging to file: logs/project_log.log
2025-09-23 20:36:59 | INFO | Log sanitization enabled, personal info removed
2025-09-23 20:37:04 | INFO | {'message': 'I just shared JavaScript! It was weird.', 'author': 'Bob', 'timestamp': '2025-09-23 20:37:04', 'category': 'tech', 'sentiment': 0.7, 'keyword_mentioned': 'JavaScript', 'message_length': 39}
2025-09-23 20:37:09 | INFO | {'message': 'I just tried a story! It was amazing.', 'author': 'Eve', 'timestamp': '2025-09-23 20:37:09', 'category': 'other', 'sentiment': 0.76, 'keyword_mentioned': 'other', 'message_length': 37}
2025-09-23 20:37:14 | INFO | {'message': 'I just saw JavaScript! It was funny.', 'author': 'Bob', 'timestamp': '2025-09-23 20:37:14', 'category': 'tech', 'sentiment': 0.09, 'keyword_mentioned': 'JavaScript', 'message_length': 36}
2025-09-23 20:37:19 | INFO | {'message': 'I just tried a trick! It was weird.', 'author': 'Charlie', 'timestamp': '2025-09-23 20:37:19', 'category': 'other', 'sentiment': 0.2, 'keyword_mentioned': 'other', 'message_length': 35}
2025-09-23 20:37:24 | INFO | {'message': 'I just saw a trick! It was exciting.', 'author': 'Eve', 'timestamp': '2025-09-23 20:37:24', 'category': 'other', 'sentiment': 0.63, 'keyword_mentioned': 'other', 'message_length': 36}
2025-09-23 20:37:29 | INFO | {'message': 'I just tried travel! It was exciting.', 'author': 'Eve', 'timestamp': '2025-09-23 20:37:29', 'category': 'travel', 'sentiment': 0.73, 'keyword_mentioned': 'travel', 'message_length': 37}
2025-09-23 20:37:34 | INFO | {'message': 'I just found game! It was boring.', 'author': 'Charlie', 'timestamp': '2025-09-23 20:37:34', 'category': 'gaming', 'sentiment': 0.73, 'keyword_mentioned': 'game', 'message_length': 33}
2025-09-23 20:37:39 | INFO | {'message': 'I just tried a meme! It was weird.', 'author': 'Bob', 'timestamp': '2025-09-23 20:37:39', 'category': 'humor', 'sentiment': 0.12, 'keyword_mentioned': 'meme', 'message_length': 34}
2025-09-23 20:37:44 | INFO | {'message': 'I just found a story! It was amazing.', 'author': 'Eve', 'timestamp': '2025-09-23 20:37:44', 'category': 'other', 'sentiment': 0.81, 'keyword_mentioned': 'other', 'message_length': 37}
2025-09-23 20:37:49 | INFO | {'message': 'I just tried Python! It was funny.', 'author': 'Bob', 'timestamp': '2025-09-23 20:37:49', 'category': 'tech', 'sentiment': 0.77, 'keyword_mentioned': 'Python', 'message_length': 34}
2025-09-23 20:37:54 | INFO | {'message': 'I just loved travel! It was boring.', 'author': 'Eve', 'timestamp': '2025-09-23 20:37:54', 'category': 'travel', 'sentiment': 0.43, 'keyword_mentioned': 'travel', 'message_length': 35}
2025-09-23 20:37:59 | INFO | {'message': 'I just loved a trick! It was funny.', 'author': 'Bob', 'timestamp': '2025-09-23 20:37:59', 'category': 'other', 'sentiment': 0.75, 'keyword_mentioned': 'other', 'message_length': 35}
2025-09-23 20:38:04 | INFO | {'message': 'I just tried Python! It was funny.', 'author': 'Eve', 'timestamp': '2025-09-23 20:38:04', 'category': 'tech', 'sentiment': 0.28, 'keyword_mentioned': 'Python', 'message_length': 34}
2025-09-23 20:38:09 | INFO | {'message': 'I just loved JavaScript! It was boring.', 'author': 'Alice', 'timestamp': '2025-09-23 20:38:09', 'category': 'tech', 'sentiment': 0.53, 'keyword_mentioned': 'JavaScript', 'message_length': 39}
2025-09-23 20:38:14 | INFO | {'message': 'I just tried JavaScript! It was boring.', 'author': 'Bob', 'timestamp': '2025-09-23 20:38:14', 'category': 'tech', 'sentiment': 0.14, 'keyword_mentioned': 'JavaScript', 'message_length': 39}
2025-09-23 20:38:19 | INFO | {'message': 'I just saw a movie! It was weird.', 'author': 'Bob', 'timestamp': '2025-09-23 20:38:19', 'category': 'entertainment', 'sentiment': 0.39, 'keyword_mentioned': 'movie', 'message_length': 33}
2025-09-23 20:38:24 | INFO | {'message': 'I just tried a meme! It was exciting.', 'author': 'Alice', 'timestamp': '2025-09-23 20:38:24', 'category': 'humor', 'sentiment': 0.72, 'keyword_mentioned': 'meme', 'message_length': 37}
2025-09-23 20:38:29 | INFO | {'message': 'I just tried a story! It was boring.', 'author': 'Alice', 'timestamp': '2025-09-23 20:38:29', 'category': 'other', 'sentiment': 0.21, 'keyword_mentioned': 'other', 'message_length': 36}
2025-09-23 20:38:29 | INFO | Logging to file: logs/project_log.log
2025-09-23 20:38:29 | INFO | Log sanitization enabled, personal info removed
2025-09-23 20:38:34 | INFO | {'message': 'I just shared an app! It was weird.', 'author': 'Bob', 'timestamp': '2025-09-23 20:38:34', 'category': 'other', 'sentiment': 0.1, 'keyword_mentioned': 'other', 'message_length': 35}
2025-09-23 20:38:39 | INFO | {'message': 'I just tried recipe! It was exciting.', 'author': 'Charlie', 'timestamp': '2025-09-23 20:38:39', 'category': 'food', 'sentiment': 0.01, 'keyword_mentioned': 'recipe', 'message_length': 37}
2025-09-23 20:38:44 | INFO | {'message': 'I just shared game! It was amazing.', 'author': 'Eve', 'timestamp': '2025-09-23 20:38:44', 'category': 'gaming', 'sentiment': 0.91, 'keyword_mentioned': 'game', 'message_length': 35}
2025-09-23 20:38:49 | INFO | {'message': 'I just saw recipe! It was exciting.', 'author': 'Alice', 'timestamp': '2025-09-23 20:38:49', 'category': 'food', 'sentiment': 0.61, 'keyword_mentioned': 'recipe', 'message_length': 35}
2025-09-23 20:38:54 | INFO | {'message': 'I just shared recipe! It was boring.', 'author': 'Charlie', 'timestamp': '2025-09-23 20:38:54', 'category': 'food', 'sentiment': 0.73, 'keyword_mentioned': 'recipe', 'message_length': 36}
2025-09-23 20:38:59 | INFO | {'message': 'I just shared JavaScript! It was amazing.', 'author': 'Eve', 'timestamp': '2025-09-23 20:38:59', 'category': 'tech', 'sentiment': 0.02, 'keyword_mentioned': 'JavaScript', 'message_length': 41}
2025-09-23 20:39:04 | INFO | {'message': 'I just loved a movie! It was exciting.', 'author': 'Alice', 'timestamp': '2025-09-23 20:39:04', 'category': 'entertainment', 'sentiment': 0.14, 'keyword_mentioned': 'movie', 'message_length': 38}
2025-09-23 20:39:09 | INFO | {'message': 'I just found a movie! It was boring.', 'author': 'Bob', 'timestamp': '2025-09-23 20:39:09', 'category': 'entertainment', 'sentiment': 0.85, 'keyword_mentioned': 'movie', 'message_length': 36}
2025-09-23 20:39:14 | INFO | {'message': 'I just shared an app! It was amazing.', 'author': 'Alice', 'timestamp': '2025-09-23 20:39:14', 'category': 'other', 'sentiment': 0.43, 'keyword_mentioned': 'other', 'message_length': 37}
2025-09-23 20:39:19 | INFO | {'message': 'I just tried an app! It was funny.', 'author': 'Eve', 'timestamp': '2025-09-23 20:39:19', 'category': 'other', 'sentiment': 0.92, 'keyword_mentioned': 'other', 'message_length': 34}
2025-09-23 20:39:21 | WARNING | Producer interrupted by user.
2025-09-23 20:39:21 | INFO | Producer shutting down.
2025-09-23 20:41:53 | INFO | Logging to file: logs/project_log.log
2025-09-23 20:41:53 | INFO | Log sanitization enabled, personal info removed
2025-09-23 20:41:53 | INFO | Starting Producer to run continuously.
2025-09-23 20:41:53 | INFO | Use Ctrl+C to stop.
2025-09-23 20:41:53 | INFO | MESSAGE_INTERVAL_SECONDS: 5
2025-09-23 20:41:53 | INFO | BUZZ_TOPIC: buzzline
2025-09-23 20:41:53 | INFO | KAFKA_BROKER_ADDRESS: 127.0.0.1:9092
2025-09-23 20:41:53 | INFO | BASE_DATA_DIR: PROJECT_ROOT/data
2025-09-23 20:41:53 | INFO | LIVE_DATA_PATH: PROJECT_ROOT/data/project_live.json
2025-09-23 20:41:53 | INFO | BASE_DATA_DIR: PROJECT_ROOT/data
2025-09-23 20:41:53 | INFO | SQLITE_PATH: PROJECT_ROOT/data/buzz.sqlite
2025-09-23 20:41:53 | INFO | Deleted existing live data file.
2025-09-23 20:41:53 | INFO | Kafka broker address: localhost:9092
2025-09-23 20:41:53 | INFO | Kafka is ready. Brokers: {'throttle_time_ms': 0, 'brokers': [{'node_id': 1, 'host': 'localhost', 'port': 9092, 'rack': None}], 'cluster_id': '_qad_MQZRtmfrbOLzRMSMg', 'controller_id': 1}
2025-09-23 20:41:55 | WARNING | WARNING: Kafka setup failed: NoBrokersAvailable
2025-09-23 20:41:55 | INFO | {'message': 'I just shared recipe! It was exciting.', 'author': 'Charlie', 'timestamp': '2025-09-23 20:41:55', 'category': 'food', 'sentiment': 0.63, 'keyword_mentioned': 'recipe', 'message_length': 38}
2025-09-23 20:42:01 | INFO | {'message': 'I just loved JavaScript! It was weird.', 'author': 'Bob', 'timestamp': '2025-09-23 20:42:01', 'category': 'tech', 'sentiment': 0.09, 'keyword_mentioned': 'JavaScript', 'message_length': 38}
2025-09-23 20:42:06 | INFO | {'message': 'I just loved Python! It was exciting.', 'author': 'Eve', 'timestamp': '2025-09-23 20:42:06', 'category': 'tech', 'sentiment': 0.62, 'keyword_mentioned': 'Python', 'message_length': 37}
2025-09-23 20:42:07 | INFO | Logging to file: logs/project_log.log
2025-09-23 20:42:07 | INFO | Log sanitization enabled, personal info removed
2025-09-23 20:42:11 | INFO | {'message': 'I just loved a trick! It was boring.', 'author': 'Charlie', 'timestamp': '2025-09-23 20:42:11', 'category': 'other', 'sentiment': 0.09, 'keyword_mentioned': 'other', 'message_length': 36}
2025-09-23 20:42:16 | INFO | {'message': 'I just tried a story! It was amazing.', 'author': 'Bob', 'timestamp': '2025-09-23 20:42:16', 'category': 'other', 'sentiment': 0.84, 'keyword_mentioned': 'other', 'message_length': 37}
2025-09-23 20:42:21 | INFO | {'message': 'I just found a story! It was amazing.', 'author': 'Bob', 'timestamp': '2025-09-23 20:42:21', 'category': 'other', 'sentiment': 0.11, 'keyword_mentioned': 'other', 'message_length': 37}
2025-09-23 20:42:26 | INFO | {'message': 'I just tried a movie! It was funny.', 'author': 'Bob', 'timestamp': '2025-09-23 20:42:26', 'category': 'entertainment', 'sentiment': 0.83, 'keyword_mentioned': 'movie', 'message_length': 35}
2025-09-23 20:42:31 | INFO | {'message': 'I just loved an app! It was weird.', 'author': 'Charlie', 'timestamp': '2025-09-23 20:42:31', 'category': 'other', 'sentiment': 0.49, 'keyword_mentioned': 'other', 'message_length': 34}
2025-09-23 20:42:36 | INFO | {'message': 'I just tried JavaScript! It was amazing.', 'author': 'Alice', 'timestamp': '2025-09-23 20:42:36', 'category': 'tech', 'sentiment': 0.2, 'keyword_mentioned': 'JavaScript', 'message_length': 40}
2025-09-23 20:42:41 | INFO | {'message': 'I just shared an app! It was boring.', 'author': 'Eve', 'timestamp': '2025-09-23 20:42:41', 'category': 'other', 'sentiment': 0.87, 'keyword_mentioned': 'other', 'message_length': 36}
2025-09-23 20:42:46 | INFO | {'message': 'I just shared Python! It was boring.', 'author': 'Charlie', 'timestamp': '2025-09-23 20:42:46', 'category': 'tech', 'sentiment': 0.79, 'keyword_mentioned': 'Python', 'message_length': 36}
2025-09-23 20:42:51 | INFO | {'message': 'I just saw a meme! It was boring.', 'author': 'Alice', 'timestamp': '2025-09-23 20:42:51', 'category': 'humor', 'sentiment': 0.32, 'keyword_mentioned': 'meme', 'message_length': 33}
2025-09-23 20:42:56 | INFO | {'message': 'I just tried a meme! It was funny.', 'author': 'Alice', 'timestamp': '2025-09-23 20:42:56', 'category': 'humor', 'sentiment': 0.94, 'keyword_mentioned': 'meme', 'message_length': 34}
2025-09-23 20:43:01 | INFO | {'message': 'I just saw recipe! It was funny.', 'author': 'Alice', 'timestamp': '2025-09-23 20:43:01', 'category': 'food', 'sentiment': 0.05, 'keyword_mentioned': 'recipe', 'message_length': 32}
2025-09-23 20:43:06 | INFO | {'message': 'I just found game! It was exciting.', 'author': 'Bob', 'timestamp': '2025-09-23 20:43:06', 'category': 'gaming', 'sentiment': 0.33, 'keyword_mentioned': 'game', 'message_length': 35}
2025-09-23 20:43:11 | INFO | {'message': 'I just found game! It was amazing.', 'author': 'Charlie', 'timestamp': '2025-09-23 20:43:11', 'category': 'gaming', 'sentiment': 0.48, 'keyword_mentioned': 'game', 'message_length': 34}
2025-09-23 20:43:16 | INFO | {'message': 'I just tried Python! It was amazing.', 'author': 'Charlie', 'timestamp': '2025-09-23 20:43:16', 'category': 'tech', 'sentiment': 0.53, 'keyword_mentioned': 'Python', 'message_length': 36}
2025-09-23 20:43:21 | INFO | {'message': 'I just found game! It was weird.', 'author': 'Charlie', 'timestamp': '2025-09-23 20:43:21', 'category': 'gaming', 'sentiment': 0.28, 'keyword_mentioned': 'game', 'message_length': 32}
2025-09-23 20:43:26 | INFO | {'message': 'I just shared travel! It was weird.', 'author': 'Alice', 'timestamp': '2025-09-23 20:43:26', 'category': 'travel', 'sentiment': 0.52, 'keyword_mentioned': 'travel', 'message_length': 35}
2025-09-23 20:43:31 | INFO | {'message': 'I just saw travel! It was amazing.', 'author': 'Eve', 'timestamp': '2025-09-23 20:43:31', 'category': 'travel', 'sentiment': 0.63, 'keyword_mentioned': 'travel', 'message_length': 34}
2025-09-23 20:43:36 | INFO | {'message': 'I just loved travel! It was weird.', 'author': 'Bob', 'timestamp': '2025-09-23 20:43:36', 'category': 'travel', 'sentiment': 0.72, 'keyword_mentioned': 'travel', 'message_length': 34}
2025-09-23 20:43:41 | INFO | {'message': 'I just shared a meme! It was boring.', 'author': 'Alice', 'timestamp': '2025-09-23 20:43:41', 'category': 'humor', 'sentiment': 0.91, 'keyword_mentioned': 'meme', 'message_length': 36}
2025-09-23 20:43:46 | INFO | {'message': 'I just shared an app! It was boring.', 'author': 'Eve', 'timestamp': '2025-09-23 20:43:46', 'category': 'other', 'sentiment': 0.91, 'keyword_mentioned': 'other', 'message_length': 36}
2025-09-23 20:43:51 | INFO | {'message': 'I just saw a movie! It was exciting.', 'author': 'Bob', 'timestamp': '2025-09-23 20:43:51', 'category': 'entertainment', 'sentiment': 0.68, 'keyword_mentioned': 'movie', 'message_length': 36}
2025-09-23 20:43:56 | INFO | {'message': 'I just found Python! It was exciting.', 'author': 'Eve', 'timestamp': '2025-09-23 20:43:56', 'category': 'tech', 'sentiment': 0.43, 'keyword_mentioned': 'Python', 'message_length': 37}
2025-09-23 20:44:01 | INFO | {'message': 'I just found an app! It was amazing.', 'author': 'Alice', 'timestamp': '2025-09-23 20:44:01', 'category': 'other', 'sentiment': 0.15, 'keyword_mentioned': 'other', 'message_length': 36}
2025-09-23 20:44:06 | INFO | {'message': 'I just shared a trick! It was weird.', 'author': 'Bob', 'timestamp': '2025-09-23 20:44:06', 'category': 'other', 'sentiment': 0.76, 'keyword_mentioned': 'other', 'message_length': 36}
2025-09-23 20:44:11 | INFO | {'message': 'I just shared recipe! It was exciting.', 'author': 'Bob', 'timestamp': '2025-09-23 20:44:11', 'category': 'food', 'sentiment': 0.5, 'keyword_mentioned': 'recipe', 'message_length': 38}
2025-09-23 20:44:16 | INFO | {'message': 'I just found a story! It was exciting.', 'author': 'Alice', 'timestamp': '2025-09-23 20:44:16', 'category': 'other', 'sentiment': 0.67, 'keyword_mentioned': 'other', 'message_length': 38}
2025-09-23 20:44:21 | INFO | {'message': 'I just found a story! It was weird.', 'author': 'Eve', 'timestamp': '2025-09-23 20:44:21', 'category': 'other', 'sentiment': 0.72, 'keyword_mentioned': 'other', 'message_length': 35}
2025-09-23 20:44:26 | INFO | {'message': 'I just found JavaScript! It was amazing.', 'author': 'Alice', 'timestamp': '2025-09-23 20:44:26', 'category': 'tech', 'sentiment': 0.49, 'keyword_mentioned': 'JavaScript', 'message_length': 40}
2025-09-23 20:44:31 | INFO | {'message': 'I just loved Python! It was weird.', 'author': 'Alice', 'timestamp': '2025-09-23 20:44:31', 'category': 'tech', 'sentiment': 0.18, 'keyword_mentioned': 'Python', 'message_length': 34}
2025-09-23 20:44:36 | INFO | {'message': 'I just loved a movie! It was weird.', 'author': 'Bob', 'timestamp': '2025-09-23 20:44:36', 'category': 'entertainment', 'sentiment': 0.14, 'keyword_mentioned': 'movie', 'message_length': 35}
2025-09-23 20:44:41 | INFO | {'message': 'I just shared JavaScript! It was exciting.', 'author': 'Bob', 'timestamp': '2025-09-23 20:44:41', 'category': 'tech', 'sentiment': 0.68, 'keyword_mentioned': 'JavaScript', 'message_length': 42}
2025-09-23 20:44:46 | INFO | {'message': 'I just shared a trick! It was amazing.', 'author': 'Alice', 'timestamp': '2025-09-23 20:44:46', 'category': 'other', 'sentiment': 0.6, 'keyword_mentioned': 'other', 'message_length': 38}
2025-09-23 20:44:51 | INFO | {'message': 'I just shared game! It was weird.', 'author': 'Alice', 'timestamp': '2025-09-23 20:44:51', 'category': 'gaming', 'sentiment': 0.06, 'keyword_mentioned': 'game', 'message_length': 33}
2025-09-23 20:44:56 | INFO | {'message': 'I just tried game! It was boring.', 'author': 'Alice', 'timestamp': '2025-09-23 20:44:56', 'category': 'gaming', 'sentiment': 0.93, 'keyword_mentioned': 'game', 'message_length': 33}
2025-09-23 20:45:01 | INFO | {'message': 'I just found a story! It was exciting.', 'author': 'Bob', 'timestamp': '2025-09-23 20:45:01', 'category': 'other', 'sentiment': 0.56, 'keyword_mentioned': 'other', 'message_length': 38}
2025-09-23 20:45:06 | INFO | {'message': 'I just saw a movie! It was exciting.', 'author': 'Eve', 'timestamp': '2025-09-23 20:45:06', 'category': 'entertainment', 'sentiment': 0.55, 'keyword_mentioned': 'movie', 'message_length': 36}
2025-09-23 20:45:11 | INFO | {'message': 'I just tried a movie! It was funny.', 'author': 'Charlie', 'timestamp': '2025-09-23 20:45:11', 'category': 'entertainment', 'sentiment': 0.96, 'keyword_mentioned': 'movie', 'message_length': 35}
2025-09-23 20:45:16 | INFO | {'message': 'I just loved a movie! It was weird.', 'author': 'Charlie', 'timestamp': '2025-09-23 20:45:16', 'category': 'entertainment', 'sentiment': 0.86, 'keyword_mentioned': 'movie', 'message_length': 35}
2025-09-23 20:45:21 | INFO | {'message': 'I just loved a meme! It was funny.', 'author': 'Alice', 'timestamp': '2025-09-23 20:45:21', 'category': 'humor', 'sentiment': 0.26, 'keyword_mentioned': 'meme', 'message_length': 34}
2025-09-23 20:45:26 | INFO | {'message': 'I just tried Python! It was boring.', 'author': 'Alice', 'timestamp': '2025-09-23 20:45:26', 'category': 'tech', 'sentiment': 0.14, 'keyword_mentioned': 'Python', 'message_length': 35}
2025-09-23 20:45:31 | INFO | {'message': 'I just saw a meme! It was weird.', 'author': 'Alice', 'timestamp': '2025-09-23 20:45:31', 'category': 'humor', 'sentiment': 0.77, 'keyword_mentioned': 'meme', 'message_length': 32}
2025-09-23 20:45:36 | INFO | {'message': 'I just found Python! It was boring.', 'author': 'Charlie', 'timestamp': '2025-09-23 20:45:36', 'category': 'tech', 'sentiment': 0.09, 'keyword_mentioned': 'Python', 'message_length': 35}
2025-09-23 20:45:41 | INFO | {'message': 'I just found recipe! It was weird.', 'author': 'Bob', 'timestamp': '2025-09-23 20:45:41', 'category': 'food', 'sentiment': 0.41, 'keyword_mentioned': 'recipe', 'message_length': 34}
2025-09-23 20:45:46 | INFO | {'message': 'I just shared an app! It was boring.', 'author': 'Alice', 'timestamp': '2025-09-23 20:45:46', 'category': 'other', 'sentiment': 0.11, 'keyword_mentioned': 'other', 'message_length': 36}
2025-09-23 20:45:51 | INFO | {'message': 'I just saw JavaScript! It was boring.', 'author': 'Charlie', 'timestamp': '2025-09-23 20:45:51', 'category': 'tech', 'sentiment': 0.19, 'keyword_mentioned': 'JavaScript', 'message_length': 37}
2025-09-23 20:45:56 | INFO | {'message': 'I just shared an app! It was weird.', 'author': 'Charlie', 'timestamp': '2025-09-23 20:45:56', 'category': 'other', 'sentiment': 0.9, 'keyword_mentioned': 'other', 'message_length': 35}
2025-09-23 20:46:01 | INFO | {'message': 'I just loved recipe! It was boring.', 'author': 'Charlie', 'timestamp': '2025-09-23 20:46:01', 'category': 'food', 'sentiment': 0.18, 'keyword_mentioned': 'recipe', 'message_length': 35}
2025-09-23 20:46:06 | INFO | {'message': 'I just found travel! It was amazing.', 'author': 'Alice', 'timestamp': '2025-09-23 20:46:06', 'category': 'travel', 'sentiment': 0.26, 'keyword_mentioned': 'travel', 'message_length': 36}
2025-09-23 20:46:11 | INFO | {'message': 'I just saw an app! It was weird.', 'author': 'Eve', 'timestamp': '2025-09-23 20:46:11', 'category': 'other', 'sentiment': 0.14, 'keyword_mentioned': 'other', 'message_length': 32}
2025-09-23 20:46:16 | INFO | {'message': 'I just shared recipe! It was amazing.', 'author': 'Eve', 'timestamp': '2025-09-23 20:46:16', 'category': 'food', 'sentiment': 0.54, 'keyword_mentioned': 'recipe', 'message_length': 37}
2025-09-23 20:46:21 | INFO | {'message': 'I just saw JavaScript! It was weird.', 'author': 'Bob', 'timestamp': '2025-09-23 20:46:21', 'category': 'tech', 'sentiment': 0.2, 'keyword_mentioned': 'JavaScript', 'message_length': 36}
2025-09-23 20:46:26 | INFO | {'message': 'I just found Python! It was boring.', 'author': 'Charlie', 'timestamp': '2025-09-23 20:46:26', 'category': 'tech', 'sentiment': 0.69, 'keyword_mentioned': 'Python', 'message_length': 35}
2025-09-23 20:46:31 | INFO | {'message': 'I just loved a movie! It was amazing.', 'author': 'Alice', 'timestamp': '2025-09-23 20:46:31', 'category': 'entertainment', 'sentiment': 0.18, 'keyword_mentioned': 'movie', 'message_length': 37}
2025-09-23 20:46:36 | INFO | {'message': 'I just tried travel! It was weird.', 'author': 'Charlie', 'timestamp': '2025-09-23 20:46:36', 'category': 'travel', 'sentiment': 0.82, 'keyword_mentioned': 'travel', 'message_length': 34}
2025-09-23 20:46:41 | INFO | {'message': 'I just tried a trick! It was boring.', 'author': 'Eve', 'timestamp': '2025-09-23 20:46:41', 'category': 'other', 'sentiment': 1.0, 'keyword_mentioned': 'other', 'message_length': 36}
2025-09-23 20:46:46 | INFO | {'message': 'I just loved recipe! It was boring.', 'author': 'Eve', 'timestamp': '2025-09-23 20:46:46', 'category': 'food', 'sentiment': 0.39, 'keyword_mentioned': 'recipe', 'message_length': 35}
2025-09-23 20:46:51 | INFO | {'message': 'I just saw an app! It was amazing.', 'author': 'Bob', 'timestamp': '2025-09-23 20:46:51', 'category': 'other', 'sentiment': 0.58, 'keyword_mentioned': 'other', 'message_length': 34}
2025-09-23 20:46:56 | INFO | {'message': 'I just loved Python! It was amazing.', 'author': 'Bob', 'timestamp': '2025-09-23 20:46:56', 'category': 'tech', 'sentiment': 0.97, 'keyword_mentioned': 'Python', 'message_length': 36}
2025-09-23 20:47:01 | INFO | {'message': 'I just shared travel! It was weird.', 'author': 'Alice', 'timestamp': '2025-09-23 20:47:01', 'category': 'travel', 'sentiment': 0.15, 'keyword_mentioned': 'travel', 'message_length': 35}
2025-09-23 20:47:06 | INFO | {'message': 'I just found a story! It was exciting.', 'author': 'Alice', 'timestamp': '2025-09-23 20:47:06', 'category': 'other', 'sentiment': 0.92, 'keyword_mentioned': 'other', 'message_length': 38}
2025-09-23 20:47:11 | INFO | {'message': 'I just found an app! It was amazing.', 'author': 'Eve', 'timestamp': '2025-09-23 20:47:11', 'category': 'other', 'sentiment': 0.14, 'keyword_mentioned': 'other', 'message_length': 36}
2025-09-23 20:47:15 | WARNING | Producer interrupted by user.
2025-09-23 20:47:15 | INFO | Producer shutting down.
2025-09-23 20:47:17 | INFO | Logging to file: logs/project_log.log
2025-09-23 20:47:17 | INFO | Log sanitization enabled, personal info removed
2025-09-23 20:47:17 | INFO | Starting Producer to run continuously.
2025-09-23 20:47:17 | INFO | Use Ctrl+C to stop.
2025-09-23 20:47:17 | INFO | MESSAGE_INTERVAL_SECONDS: 5
2025-09-23 20:47:17 | INFO | BUZZ_TOPIC: buzzline_db
2025-09-23 20:47:17 | INFO | KAFKA_BROKER_ADDRESS: localhost:9092
2025-09-23 20:47:17 | INFO | BASE_DATA_DIR: PROJECT_ROOT/data
2025-09-23 20:47:17 | INFO | LIVE_DATA_PATH: PROJECT_ROOT/data/project_live.json
2025-09-23 20:47:17 | INFO | BASE_DATA_DIR: PROJECT_ROOT/data
2025-09-23 20:47:17 | INFO | SQLITE_PATH: PROJECT_ROOT/data/buzz.sqlite
2025-09-23 20:47:17 | INFO | Deleted existing live data file.
2025-09-23 20:47:17 | INFO | Kafka broker address: localhost:9092
2025-09-23 20:47:18 | INFO | Kafka is ready. Brokers: {'throttle_time_ms': 0, 'brokers': [{'node_id': 1, 'host': 'localhost', 'port': 9092, 'rack': None}], 'cluster_id': '_qad_MQZRtmfrbOLzRMSMg', 'controller_id': 1}
2025-09-23 20:47:18 | INFO | Kafka producer connected to localhost:9092
2025-09-23 20:47:18 | INFO | Kafka broker address: localhost:9092
2025-09-23 20:47:18 | INFO | Topic 'buzzline_db' created successfully.
2025-09-23 20:47:18 | INFO | Kafka topic 'buzzline_db' is ready.
2025-09-23 20:47:18 | INFO | {'message': 'I just saw a story! It was amazing.', 'author': 'Alice', 'timestamp': '2025-09-23 20:47:18', 'category': 'other', 'sentiment': 0.71, 'keyword_mentioned': 'other', 'message_length': 35}
2025-09-23 20:47:23 | INFO | {'message': 'I just tried a movie! It was exciting.', 'author': 'Eve', 'timestamp': '2025-09-23 20:47:23', 'category': 'entertainment', 'sentiment': 0.87, 'keyword_mentioned': 'movie', 'message_length': 38}
2025-09-23 20:47:26 | INFO | Logging to file: logs/project_log.log
2025-09-23 20:47:26 | INFO | Log sanitization enabled, personal info removed
2025-09-23 20:47:28 | INFO | {'message': 'I just found a meme! It was exciting.', 'author': 'Eve', 'timestamp': '2025-09-23 20:47:28', 'category': 'humor', 'sentiment': 0.49, 'keyword_mentioned': 'meme', 'message_length': 37}
2025-09-23 20:47:33 | INFO | {'message': 'I just shared JavaScript! It was funny.', 'author': 'Bob', 'timestamp': '2025-09-23 20:47:33', 'category': 'tech', 'sentiment': 0.64, 'keyword_mentioned': 'JavaScript', 'message_length': 39}
2025-09-23 20:47:38 | INFO | {'message': 'I just found a trick! It was funny.', 'author': 'Bob', 'timestamp': '2025-09-23 20:47:38', 'category': 'other', 'sentiment': 0.92, 'keyword_mentioned': 'other', 'message_length': 35}
2025-09-23 20:47:43 | INFO | {'message': 'I just shared Python! It was boring.', 'author': 'Alice', 'timestamp': '2025-09-23 20:47:43', 'category': 'tech', 'sentiment': 0.58, 'keyword_mentioned': 'Python', 'message_length': 36}
2025-09-23 20:47:48 | INFO | {'message': 'I just shared a movie! It was amazing.', 'author': 'Alice', 'timestamp': '2025-09-23 20:47:48', 'category': 'entertainment', 'sentiment': 0.26, 'keyword_mentioned': 'movie', 'message_length': 38}
2025-09-23 20:47:53 | INFO | {'message': 'I just loved travel! It was funny.', 'author': 'Alice', 'timestamp': '2025-09-23 20:47:53', 'category': 'travel', 'sentiment': 0.59, 'keyword_mentioned': 'travel', 'message_length': 34}
2025-09-23 20:47:58 | INFO | {'message': 'I just loved travel! It was boring.', 'author': 'Bob', 'timestamp': '2025-09-23 20:47:58', 'category': 'travel', 'sentiment': 0.4, 'keyword_mentioned': 'travel', 'message_length': 35}
2025-09-23 20:48:03 | INFO | {'message': 'I just shared an app! It was amazing.', 'author': 'Eve', 'timestamp': '2025-09-23 20:48:03', 'category': 'other', 'sentiment': 0.67, 'keyword_mentioned': 'other', 'message_length': 37}
2025-09-23 20:48:08 | INFO | {'message': 'I just tried a meme! It was exciting.', 'author': 'Eve', 'timestamp': '2025-09-23 20:48:08', 'category': 'humor', 'sentiment': 0.51, 'keyword_mentioned': 'meme', 'message_length': 37}
2025-09-23 20:48:13 | INFO | {'message': 'I just tried JavaScript! It was amazing.', 'author': 'Eve', 'timestamp': '2025-09-23 20:48:13', 'category': 'tech', 'sentiment': 0.81, 'keyword_mentioned': 'JavaScript', 'message_length': 40}
2025-09-23 20:48:18 | INFO | {'message': 'I just tried a movie! It was amazing.', 'author': 'Alice', 'timestamp': '2025-09-23 20:48:18', 'category': 'entertainment', 'sentiment': 0.25, 'keyword_mentioned': 'movie', 'message_length': 37}
2025-09-23 20:48:23 | INFO | {'message': 'I just loved a story! It was weird.', 'author': 'Charlie', 'timestamp': '2025-09-23 20:48:23', 'category': 'other', 'sentiment': 0.21, 'keyword_mentioned': 'other', 'message_length': 35}
2025-09-23 20:48:28 | INFO | {'message': 'I just saw game! It was funny.', 'author': 'Eve', 'timestamp': '2025-09-23 20:48:28', 'category': 'gaming', 'sentiment': 0.17, 'keyword_mentioned': 'game', 'message_length': 30}
2025-09-23 20:48:33 | INFO | {'message': 'I just found a story! It was boring.', 'author': 'Alice', 'timestamp': '2025-09-23 20:48:33', 'category': 'other', 'sentiment': 0.48, 'keyword_mentioned': 'other', 'message_length': 36}
2025-09-23 20:48:38 | INFO | {'message': 'I just tried recipe! It was exciting.', 'author': 'Eve', 'timestamp': '2025-09-23 20:48:38', 'category': 'food', 'sentiment': 0.81, 'keyword_mentioned': 'recipe', 'message_length': 37}
2025-09-23 20:48:43 | INFO | {'message': 'I just found a story! It was funny.', 'author': 'Charlie', 'timestamp': '2025-09-23 20:48:43', 'category': 'other', 'sentiment': 0.53, 'keyword_mentioned': 'other', 'message_length': 35}
2025-09-23 20:48:48 | INFO | {'message': 'I just saw Python! It was boring.', 'author': 'Bob', 'timestamp': '2025-09-23 20:48:48', 'category': 'tech', 'sentiment': 0.07, 'keyword_mentioned': 'Python', 'message_length': 33}
2025-09-23 20:48:53 | INFO | {'message': 'I just loved an app! It was boring.', 'author': 'Charlie', 'timestamp': '2025-09-23 20:48:53', 'category': 'other', 'sentiment': 0.94, 'keyword_mentioned': 'other', 'message_length': 35}
2025-09-23 20:48:58 | INFO | {'message': 'I just found travel! It was weird.', 'author': 'Bob', 'timestamp': '2025-09-23 20:48:58', 'category': 'travel', 'sentiment': 0.63, 'keyword_mentioned': 'travel', 'message_length': 34}
2025-09-23 20:49:03 | INFO | {'message': 'I just saw game! It was boring.', 'author': 'Charlie', 'timestamp': '2025-09-23 20:49:03', 'category': 'gaming', 'sentiment': 0.74, 'keyword_mentioned': 'game', 'message_length': 31}
2025-09-23 20:49:08 | INFO | {'message': 'I just tried Python! It was amazing.', 'author': 'Eve', 'timestamp': '2025-09-23 20:49:08', 'category': 'tech', 'sentiment': 0.06, 'keyword_mentioned': 'Python', 'message_length': 36}
2025-09-23 20:49:13 | INFO | {'message': 'I just found Python! It was funny.', 'author': 'Charlie', 'timestamp': '2025-09-23 20:49:13', 'category': 'tech', 'sentiment': 0.8, 'keyword_mentioned': 'Python', 'message_length': 34}
2025-09-23 20:49:18 | INFO | {'message': 'I just found a story! It was boring.', 'author': 'Eve', 'timestamp': '2025-09-23 20:49:18', 'category': 'other', 'sentiment': 0.6, 'keyword_mentioned': 'other', 'message_length': 36}
2025-09-23 20:49:23 | INFO | {'message': 'I just loved recipe! It was boring.', 'author': 'Alice', 'timestamp': '2025-09-23 20:49:23', 'category': 'food', 'sentiment': 0.28, 'keyword_mentioned': 'recipe', 'message_length': 35}
2025-09-23 20:49:28 | INFO | {'message': 'I just loved an app! It was exciting.', 'author': 'Alice', 'timestamp': '2025-09-23 20:49:28', 'category': 'other', 'sentiment': 0.18, 'keyword_mentioned': 'other', 'message_length': 37}
2025-09-23 20:49:33 | INFO | {'message': 'I just shared Python! It was amazing.', 'author': 'Eve', 'timestamp': '2025-09-23 20:49:33', 'category': 'tech', 'sentiment': 0.63, 'keyword_mentioned': 'Python', 'message_length': 37}
2025-09-23 20:49:38 | INFO | {'message': 'I just loved JavaScript! It was exciting.', 'author': 'Bob', 'timestamp': '2025-09-23 20:49:38', 'category': 'tech', 'sentiment': 0.68, 'keyword_mentioned': 'JavaScript', 'message_length': 41}
2025-09-23 20:49:43 | INFO | {'message': 'I just found a meme! It was exciting.', 'author': 'Bob', 'timestamp': '2025-09-23 20:49:43', 'category': 'humor', 'sentiment': 0.25, 'keyword_mentioned': 'meme', 'message_length': 37}
2025-09-23 20:49:44 | INFO | Logging to file: logs/project_log.log
2025-09-23 20:49:44 | INFO | Log sanitization enabled, personal info removed
2025-09-23 20:49:44 | INFO | Starting Consumer to run continuously.
2025-09-23 20:49:44 | INFO | Things can fail or get interrupted, so use a try block.
2025-09-23 20:49:44 | INFO | Moved .env variables into a utils config module.
2025-09-23 20:49:44 | INFO | STEP 1. Read environment variables using new config functions.
2025-09-23 20:49:44 | INFO | BUZZ_TOPIC: buzzline
2025-09-23 20:49:44 | INFO | KAFKA_BROKER_ADDRESS: 127.0.0.1:9092
2025-09-23 20:49:44 | INFO | BUZZ_CONSUMER_GROUP_ID: buzz_group
2025-09-23 20:49:44 | INFO | MESSAGE_INTERVAL_SECONDS: 5
2025-09-23 20:49:44 | INFO | BASE_DATA_DIR: PROJECT_ROOT/data
2025-09-23 20:49:44 | INFO | SQLITE_PATH: PROJECT_ROOT/data/buzz.sqlite
2025-09-23 20:49:44 | INFO | SUCCESS: Read environment variables.
2025-09-23 20:49:44 | INFO | STEP 2. Delete any prior database file for a fresh start.
2025-09-23 20:49:44 | INFO | SUCCESS: Deleted database file.
2025-09-23 20:49:44 | INFO | STEP 3. Initialize a new database with an empty table.
2025-09-23 20:49:44 | INFO | Calling SQLite init_db() with {db_path=}.
2025-09-23 20:49:44 | INFO | SUCCESS: Got a cursor to execute SQL.
2025-09-23 20:49:44 | INFO | SUCCESS: Database initialized and table ready at PROJECT_ROOT/data/buzz.sqlite.
2025-09-23 20:49:44 | INFO | STEP 4. Begin consuming and storing messages.
2025-09-23 20:49:44 | INFO | Called consume_messages_from_kafka() with:
2025-09-23 20:49:44 | INFO |    topic='buzzline'
2025-09-23 20:49:44 | INFO |    kafka_url='127.0.0.1:9092'
2025-09-23 20:49:44 | INFO |    group='buzz_group'
2025-09-23 20:49:44 | INFO |    sql_path=WindowsPath('C:/Projects/buzzline-05-vrtachnik/data/buzz.sqlite')
2025-09-23 20:49:44 | INFO |    interval_secs=5
2025-09-23 20:49:44 | INFO | Step 1. Verify Kafka Services.
2025-09-23 20:49:44 | INFO | Kafka broker address: localhost:9092
2025-09-23 20:49:44 | INFO | Kafka is ready. Brokers: {'throttle_time_ms': 0, 'brokers': [{'node_id': 1, 'host': 'localhost', 'port': 9092, 'rack': None}], 'cluster_id': '_qad_MQZRtmfrbOLzRMSMg', 'controller_id': 1}
2025-09-23 20:49:44 | INFO | Step 2. Create a Kafka consumer.
2025-09-23 20:49:44 | INFO | Kafka broker address: localhost:9092
2025-09-23 20:49:44 | INFO | Creating Kafka consumer. Topic='buzzline' and group ID='buzz_group'.
2025-09-23 20:49:44 | INFO | Kafka consumer created successfully.
2025-09-23 20:49:44 | INFO | Step 3. Verify topic exists.
2025-09-23 20:49:44 | ERROR | ERROR: Topic 'buzzline' does not exist. Please run the Kafka producer. : name 'is_topic_available' is not defined
2025-09-23 20:49:44 | INFO | Consumer shutting down.
2025-09-23 20:49:48 | INFO | {'message': 'I just shared game! It was exciting.', 'author': 'Bob', 'timestamp': '2025-09-23 20:49:48', 'category': 'gaming', 'sentiment': 0.62, 'keyword_mentioned': 'game', 'message_length': 36}
2025-09-23 20:49:53 | INFO | {'message': 'I just shared a meme! It was funny.', 'author': 'Alice', 'timestamp': '2025-09-23 20:49:53', 'category': 'humor', 'sentiment': 0.54, 'keyword_mentioned': 'meme', 'message_length': 35}
2025-09-23 20:49:58 | INFO | {'message': 'I just loved a story! It was exciting.', 'author': 'Alice', 'timestamp': '2025-09-23 20:49:58', 'category': 'other', 'sentiment': 0.42, 'keyword_mentioned': 'other', 'message_length': 38}
2025-09-23 20:50:03 | INFO | {'message': 'I just loved Python! It was exciting.', 'author': 'Eve', 'timestamp': '2025-09-23 20:50:03', 'category': 'tech', 'sentiment': 0.72, 'keyword_mentioned': 'Python', 'message_length': 37}
2025-09-23 20:50:08 | INFO | {'message': 'I just shared JavaScript! It was boring.', 'author': 'Alice', 'timestamp': '2025-09-23 20:50:08', 'category': 'tech', 'sentiment': 0.47, 'keyword_mentioned': 'JavaScript', 'message_length': 40}
2025-09-23 20:50:13 | INFO | {'message': 'I just loved JavaScript! It was weird.', 'author': 'Bob', 'timestamp': '2025-09-23 20:50:13', 'category': 'tech', 'sentiment': 0.47, 'keyword_mentioned': 'JavaScript', 'message_length': 38}
2025-09-23 20:50:18 | INFO | {'message': 'I just tried a movie! It was boring.', 'author': 'Eve', 'timestamp': '2025-09-23 20:50:18', 'category': 'entertainment', 'sentiment': 0.42, 'keyword_mentioned': 'movie', 'message_length': 36}
2025-09-23 20:50:23 | INFO | {'message': 'I just saw JavaScript! It was boring.', 'author': 'Eve', 'timestamp': '2025-09-23 20:50:23', 'category': 'tech', 'sentiment': 0.76, 'keyword_mentioned': 'JavaScript', 'message_length': 37}
2025-09-23 20:50:28 | INFO | {'message': 'I just shared an app! It was amazing.', 'author': 'Eve', 'timestamp': '2025-09-23 20:50:28', 'category': 'other', 'sentiment': 0.7, 'keyword_mentioned': 'other', 'message_length': 37}
2025-09-23 20:50:33 | INFO | {'message': 'I just loved a meme! It was funny.', 'author': 'Bob', 'timestamp': '2025-09-23 20:50:33', 'category': 'humor', 'sentiment': 0.87, 'keyword_mentioned': 'meme', 'message_length': 34}
2025-09-23 20:50:38 | INFO | {'message': 'I just saw a trick! It was funny.', 'author': 'Bob', 'timestamp': '2025-09-23 20:50:38', 'category': 'other', 'sentiment': 0.85, 'keyword_mentioned': 'other', 'message_length': 33}
2025-09-23 20:50:43 | INFO | {'message': 'I just found travel! It was amazing.', 'author': 'Charlie', 'timestamp': '2025-09-23 20:50:43', 'category': 'travel', 'sentiment': 0.1, 'keyword_mentioned': 'travel', 'message_length': 36}
2025-09-23 20:50:48 | INFO | {'message': 'I just tried JavaScript! It was exciting.', 'author': 'Bob', 'timestamp': '2025-09-23 20:50:48', 'category': 'tech', 'sentiment': 0.34, 'keyword_mentioned': 'JavaScript', 'message_length': 41}
2025-09-23 20:50:53 | INFO | {'message': 'I just saw game! It was exciting.', 'author': 'Bob', 'timestamp': '2025-09-23 20:50:53', 'category': 'gaming', 'sentiment': 0.94, 'keyword_mentioned': 'game', 'message_length': 33}
2025-09-23 20:50:58 | INFO | {'message': 'I just found Python! It was funny.', 'author': 'Charlie', 'timestamp': '2025-09-23 20:50:58', 'category': 'tech', 'sentiment': 0.99, 'keyword_mentioned': 'Python', 'message_length': 34}
2025-09-23 20:51:03 | INFO | {'message': 'I just tried a trick! It was exciting.', 'author': 'Alice', 'timestamp': '2025-09-23 20:51:03', 'category': 'other', 'sentiment': 0.52, 'keyword_mentioned': 'other', 'message_length': 38}
2025-09-23 20:51:08 | INFO | {'message': 'I just tried a trick! It was boring.', 'author': 'Eve', 'timestamp': '2025-09-23 20:51:08', 'category': 'other', 'sentiment': 0.77, 'keyword_mentioned': 'other', 'message_length': 36}
2025-09-23 20:51:13 | INFO | {'message': 'I just loved a trick! It was funny.', 'author': 'Charlie', 'timestamp': '2025-09-23 20:51:13', 'category': 'other', 'sentiment': 0.27, 'keyword_mentioned': 'other', 'message_length': 35}
2025-09-23 20:51:15 | INFO | Logging to file: logs/project_log.log
2025-09-23 20:51:15 | INFO | Log sanitization enabled, personal info removed
2025-09-23 20:51:15 | INFO | Starting Consumer to run continuously.
2025-09-23 20:51:15 | INFO | Things can fail or get interrupted, so use a try block.
2025-09-23 20:51:15 | INFO | Moved .env variables into a utils config module.
2025-09-23 20:51:15 | INFO | STEP 1. Read environment variables using new config functions.
2025-09-23 20:51:15 | INFO | BUZZ_TOPIC: buzzline
2025-09-23 20:51:15 | INFO | KAFKA_BROKER_ADDRESS: 127.0.0.1:9092
2025-09-23 20:51:15 | INFO | BUZZ_CONSUMER_GROUP_ID: buzz_group
2025-09-23 20:51:15 | INFO | MESSAGE_INTERVAL_SECONDS: 5
2025-09-23 20:51:15 | INFO | BASE_DATA_DIR: PROJECT_ROOT/data
2025-09-23 20:51:15 | INFO | SQLITE_PATH: PROJECT_ROOT/data/buzz.sqlite
2025-09-23 20:51:15 | INFO | SUCCESS: Read environment variables.
2025-09-23 20:51:15 | INFO | STEP 2. Delete any prior database file for a fresh start.
2025-09-23 20:51:15 | INFO | SUCCESS: Deleted database file.
2025-09-23 20:51:15 | INFO | STEP 3. Initialize a new database with an empty table.
2025-09-23 20:51:15 | INFO | Calling SQLite init_db() with {db_path=}.
2025-09-23 20:51:15 | INFO | SUCCESS: Got a cursor to execute SQL.
2025-09-23 20:51:15 | INFO | SUCCESS: Database initialized and table ready at PROJECT_ROOT/data/buzz.sqlite.
2025-09-23 20:51:15 | INFO | STEP 4. Begin consuming and storing messages.
2025-09-23 20:51:15 | INFO | Called consume_messages_from_kafka() with:
2025-09-23 20:51:15 | INFO |    topic='buzzline'
2025-09-23 20:51:15 | INFO |    kafka_url='127.0.0.1:9092'
2025-09-23 20:51:15 | INFO |    group='buzz_group'
2025-09-23 20:51:15 | INFO |    sql_path=WindowsPath('C:/Projects/buzzline-05-vrtachnik/data/buzz.sqlite')
2025-09-23 20:51:15 | INFO |    interval_secs=5
2025-09-23 20:51:15 | INFO | Step 1. Verify Kafka Services.
2025-09-23 20:51:15 | INFO | Kafka broker address: localhost:9092
2025-09-23 20:51:15 | INFO | Kafka is ready. Brokers: {'throttle_time_ms': 0, 'brokers': [{'node_id': 1, 'host': 'localhost', 'port': 9092, 'rack': None}], 'cluster_id': '_qad_MQZRtmfrbOLzRMSMg', 'controller_id': 1}
2025-09-23 20:51:15 | INFO | Step 2. Create a Kafka consumer.
2025-09-23 20:51:15 | INFO | Kafka broker address: localhost:9092
2025-09-23 20:51:15 | INFO | Creating Kafka consumer. Topic='buzzline' and group ID='buzz_group'.
2025-09-23 20:51:15 | INFO | Kafka consumer created successfully.
2025-09-23 20:51:15 | INFO | Step 3. Verify topic exists.
2025-09-23 20:51:15 | ERROR | ERROR: Topic 'buzzline' does not exist. Please run the Kafka producer. : name 'is_topic_available' is not defined
2025-09-23 20:51:15 | INFO | Consumer shutting down.
2025-09-23 20:51:18 | INFO | {'message': 'I just tried Python! It was exciting.', 'author': 'Charlie', 'timestamp': '2025-09-23 20:51:18', 'category': 'tech', 'sentiment': 0.68, 'keyword_mentioned': 'Python', 'message_length': 37}
2025-09-23 20:51:23 | INFO | {'message': 'I just loved game! It was weird.', 'author': 'Charlie', 'timestamp': '2025-09-23 20:51:23', 'category': 'gaming', 'sentiment': 0.27, 'keyword_mentioned': 'game', 'message_length': 32}
2025-09-23 20:51:25 | INFO | Logging to file: logs/project_log.log
2025-09-23 20:51:25 | INFO | Log sanitization enabled, personal info removed
2025-09-23 20:51:28 | INFO | {'message': 'I just loved JavaScript! It was amazing.', 'author': 'Alice', 'timestamp': '2025-09-23 20:51:28', 'category': 'tech', 'sentiment': 0.67, 'keyword_mentioned': 'JavaScript', 'message_length': 40}
2025-09-23 20:51:33 | INFO | {'message': 'I just found a story! It was weird.', 'author': 'Charlie', 'timestamp': '2025-09-23 20:51:33', 'category': 'other', 'sentiment': 0.4, 'keyword_mentioned': 'other', 'message_length': 35}
2025-09-23 20:51:38 | INFO | {'message': 'I just loved JavaScript! It was boring.', 'author': 'Charlie', 'timestamp': '2025-09-23 20:51:38', 'category': 'tech', 'sentiment': 0.84, 'keyword_mentioned': 'JavaScript', 'message_length': 39}
2025-09-23 20:51:43 | INFO | {'message': 'I just found a story! It was amazing.', 'author': 'Eve', 'timestamp': '2025-09-23 20:51:43', 'category': 'other', 'sentiment': 0.41, 'keyword_mentioned': 'other', 'message_length': 37}
2025-09-23 20:51:48 | INFO | {'message': 'I just tried a trick! It was weird.', 'author': 'Eve', 'timestamp': '2025-09-23 20:51:48', 'category': 'other', 'sentiment': 0.99, 'keyword_mentioned': 'other', 'message_length': 35}
2025-09-23 20:51:53 | INFO | {'message': 'I just found JavaScript! It was amazing.', 'author': 'Alice', 'timestamp': '2025-09-23 20:51:53', 'category': 'tech', 'sentiment': 0.04, 'keyword_mentioned': 'JavaScript', 'message_length': 40}
2025-09-23 20:51:58 | INFO | {'message': 'I just saw game! It was weird.', 'author': 'Bob', 'timestamp': '2025-09-23 20:51:58', 'category': 'gaming', 'sentiment': 0.44, 'keyword_mentioned': 'game', 'message_length': 30}
2025-09-23 20:52:03 | INFO | {'message': 'I just tried an app! It was funny.', 'author': 'Charlie', 'timestamp': '2025-09-23 20:52:03', 'category': 'other', 'sentiment': 0.19, 'keyword_mentioned': 'other', 'message_length': 34}
2025-09-23 20:52:08 | INFO | {'message': 'I just tried travel! It was exciting.', 'author': 'Eve', 'timestamp': '2025-09-23 20:52:08', 'category': 'travel', 'sentiment': 0.75, 'keyword_mentioned': 'travel', 'message_length': 37}
2025-09-23 20:52:13 | INFO | {'message': 'I just saw game! It was boring.', 'author': 'Alice', 'timestamp': '2025-09-23 20:52:13', 'category': 'gaming', 'sentiment': 0.85, 'keyword_mentioned': 'game', 'message_length': 31}
2025-09-23 20:52:18 | INFO | {'message': 'I just found a trick! It was exciting.', 'author': 'Bob', 'timestamp': '2025-09-23 20:52:18', 'category': 'other', 'sentiment': 0.85, 'keyword_mentioned': 'other', 'message_length': 38}
2025-09-23 20:52:23 | INFO | {'message': 'I just tried a meme! It was boring.', 'author': 'Bob', 'timestamp': '2025-09-23 20:52:23', 'category': 'humor', 'sentiment': 0.41, 'keyword_mentioned': 'meme', 'message_length': 35}
2025-09-23 20:52:28 | INFO | {'message': 'I just found travel! It was amazing.', 'author': 'Alice', 'timestamp': '2025-09-23 20:52:28', 'category': 'travel', 'sentiment': 0.46, 'keyword_mentioned': 'travel', 'message_length': 36}
2025-09-23 20:52:33 | INFO | {'message': 'I just found a story! It was boring.', 'author': 'Bob', 'timestamp': '2025-09-23 20:52:33', 'category': 'other', 'sentiment': 0.15, 'keyword_mentioned': 'other', 'message_length': 36}
2025-09-23 20:52:38 | INFO | {'message': 'I just tried game! It was exciting.', 'author': 'Alice', 'timestamp': '2025-09-23 20:52:38', 'category': 'gaming', 'sentiment': 0.7, 'keyword_mentioned': 'game', 'message_length': 35}
2025-09-23 20:52:43 | INFO | {'message': 'I just loved a trick! It was weird.', 'author': 'Bob', 'timestamp': '2025-09-23 20:52:43', 'category': 'other', 'sentiment': 0.68, 'keyword_mentioned': 'other', 'message_length': 35}
2025-09-23 20:52:48 | INFO | {'message': 'I just saw a trick! It was amazing.', 'author': 'Charlie', 'timestamp': '2025-09-23 20:52:48', 'category': 'other', 'sentiment': 0.79, 'keyword_mentioned': 'other', 'message_length': 35}
2025-09-23 20:52:53 | INFO | {'message': 'I just loved Python! It was exciting.', 'author': 'Charlie', 'timestamp': '2025-09-23 20:52:53', 'category': 'tech', 'sentiment': 0.71, 'keyword_mentioned': 'Python', 'message_length': 37}
